2025-08-15 18:27:44,132 [INFO] Activator:176 - 


2025-08-15 18:27:44,134 [INFO] Activator:177 - !SESSION log4j initialized
2025-08-15 18:27:46,492 [INFO] LogOutputStream:77 - [STDOUT_REDIRECT] 
2025-08-15 18:27:48,377 [INFO] ApplicationProperties:184 - Using Application install path: C:\ST\STM32CubeIDE_1.18.1\STM32CubeIDE\plugins\com.st.stm32cube.common.mx_6.15.0.202507011659
2025-08-15 18:27:48,413 [INFO] DbMcusXml:78 - Set database path to: C:\ST\STM32CubeIDE_1.18.1\STM32CubeIDE\plugins\com.st.stm32cube.common.mx_6.15.0.202507011659\\db\/mcu/
2025-08-15 18:27:48,414 [INFO] ApiDb:274 - Set plugin database path to: C:\ST\STM32CubeIDE_1.18.1\STM32CubeIDE\plugins\com.st.stm32cube.common.mx_6.15.0.202507011659\\db\/plugins/boardmanager/
2025-08-15 18:27:48,415 [WARN] ApiDb:259 - Overriding images path with different value:  => C:\ST\STM32CubeIDE_1.18.1\STM32CubeIDE\plugins\com.st.stm32cube.common.mx_6.15.0.202507011659\\db\/plugins/mcufinder/images/
2025-08-15 18:27:48,422 [INFO] ApiDb:250 - Set database path to: C:\Users\rishi_latchmepersad\.stmcufinder\plugins\mcufinder//mcu/
2025-08-15 18:27:48,424 [INFO] DbMcusAds:125 - Set database path to: C:\Users\rishi_latchmepersad\.stmcufinder\plugins\mcufinder//mcu/
2025-08-15 18:27:48,429 [INFO] CrossReferenceDbSqlite:203 - Set database path to: C:\Users\rishi_latchmepersad\.stmcufinder\plugins\mcufinder//mcu/cs/
2025-08-15 18:27:48,594 [INFO] RulesReader:64 - Compatibility file has been processed (317 Rules)
2025-08-15 18:27:48,684 [INFO] DbMcusXml:78 - Set database path to: C:\ST\STM32CubeIDE_1.18.1\STM32CubeIDE\plugins\com.st.stm32cube.common.mx_6.15.0.202507011659\\db\/mcu/
2025-08-15 18:27:48,685 [INFO] ApiDb:274 - Set plugin database path to: C:\ST\STM32CubeIDE_1.18.1\STM32CubeIDE\plugins\com.st.stm32cube.common.mx_6.15.0.202507011659\\db\/plugins/boardmanager/
2025-08-15 18:27:48,685 [INFO] ApiDb:261 - Set plugin images path to: C:\ST\STM32CubeIDE_1.18.1\STM32CubeIDE\plugins\com.st.stm32cube.common.mx_6.15.0.202507011659\\db\/plugins/mcufinder/images/
2025-08-15 18:27:48,685 [WARN] DbFile:41 - Overriding database path with different value: C:\Users\rishi_latchmepersad\.stmcufinder\plugins\mcufinder/ => C:\Users\rishi_latchmepersad\.stmcufinder\plugins\mcufinder
2025-08-15 18:27:48,685 [INFO] ApiDb:250 - Set database path to: C:\Users\rishi_latchmepersad\.stmcufinder\plugins\mcufinder//mcu/
2025-08-15 18:27:48,685 [WARN] DbFile:41 - Overriding database path with different value: C:\Users\rishi_latchmepersad\.stmcufinder\plugins\mcufinder/ => C:\Users\rishi_latchmepersad\.stmcufinder\plugins\mcufinder
2025-08-15 18:27:48,685 [INFO] DbMcusAds:125 - Set database path to: C:\Users\rishi_latchmepersad\.stmcufinder\plugins\mcufinder//mcu/
2025-08-15 18:27:48,685 [WARN] DbFile:41 - Overriding database path with different value: C:\Users\rishi_latchmepersad\.stmcufinder\plugins\mcufinder/ => C:\Users\rishi_latchmepersad\.stmcufinder\plugins\mcufinder
2025-08-15 18:27:48,685 [WARN] DbFile:41 - Overriding database path with different value: C:\Users\rishi_latchmepersad\.stmcufinder\plugins\mcufinder/ => C:\Users\rishi_latchmepersad\.stmcufinder\plugins\mcufinder
2025-08-15 18:27:48,685 [INFO] CrossReferenceDbSqlite:203 - Set database path to: C:\Users\rishi_latchmepersad\.stmcufinder\plugins\mcufinder//mcu/cs/
2025-08-15 18:27:48,753 [INFO] MainPanel:274 - HeapMemory: 268435456
2025-08-15 18:27:48,855 [INFO] DbMcusXml:78 - Set database path to: C:\ST\STM32CubeIDE_1.18.1\STM32CubeIDE\plugins\com.st.stm32cube.common.mx_6.15.0.202507011659\\db\/mcu/
2025-08-15 18:27:48,856 [INFO] ApiDb:274 - Set plugin database path to: C:\ST\STM32CubeIDE_1.18.1\STM32CubeIDE\plugins\com.st.stm32cube.common.mx_6.15.0.202507011659\\db\/plugins/boardmanager/
2025-08-15 18:27:48,856 [INFO] ApiDb:261 - Set plugin images path to: C:\ST\STM32CubeIDE_1.18.1\STM32CubeIDE\plugins\com.st.stm32cube.common.mx_6.15.0.202507011659\\db\/plugins/mcufinder/images/
2025-08-15 18:27:48,857 [WARN] DbFile:41 - Overriding database path with different value: C:\Users\rishi_latchmepersad\.stmcufinder\plugins\mcufinder/ => C:\Users\rishi_latchmepersad\.stmcufinder\plugins\mcufinder
2025-08-15 18:27:48,857 [INFO] ApiDb:250 - Set database path to: C:\Users\rishi_latchmepersad\.stmcufinder\plugins\mcufinder//mcu/
2025-08-15 18:27:48,857 [WARN] DbFile:41 - Overriding database path with different value: C:\Users\rishi_latchmepersad\.stmcufinder\plugins\mcufinder/ => C:\Users\rishi_latchmepersad\.stmcufinder\plugins\mcufinder
2025-08-15 18:27:48,857 [INFO] DbMcusAds:125 - Set database path to: C:\Users\rishi_latchmepersad\.stmcufinder\plugins\mcufinder//mcu/
2025-08-15 18:27:48,857 [WARN] DbFile:41 - Overriding database path with different value: C:\Users\rishi_latchmepersad\.stmcufinder\plugins\mcufinder/ => C:\Users\rishi_latchmepersad\.stmcufinder\plugins\mcufinder
2025-08-15 18:27:48,857 [WARN] DbFile:41 - Overriding database path with different value: C:\Users\rishi_latchmepersad\.stmcufinder\plugins\mcufinder/ => C:\Users\rishi_latchmepersad\.stmcufinder\plugins\mcufinder
2025-08-15 18:27:48,857 [INFO] CrossReferenceDbSqlite:203 - Set database path to: C:\Users\rishi_latchmepersad\.stmcufinder\plugins\mcufinder//mcu/cs/
2025-08-15 18:27:48,879 [INFO] ApplicationProperties:184 - Using Application install path: C:\ST\STM32CubeIDE_1.18.1\STM32CubeIDE\plugins\com.st.stm32cube.common.mx_6.15.0.202507011659
2025-08-15 18:27:48,881 [INFO] PluginManage:196 - Search for loadable plugins [exclusion list=, ]
2025-08-15 18:27:48,882 [INFO] PluginManage:310 - Check plugin analytics
2025-08-15 18:27:49,067 [INFO] AnalyticsPlugin:253 - Accepted Software Licenses: 
2025-08-15 18:27:49,069 [INFO] AnalyticsPlugin:255 - Accepted CMSIS Pack Licenses: ARM.CMSIS-Driver_STM32.1.2.0,ARM.CMSIS.6.1.0,ARM.CMSIS-DSP.1.16.2
2025-08-15 18:27:49,069 [INFO] AnalyticsPlugin:257 - Accepted Firmware Licenses: FW.F7.1.17.0
2025-08-15 18:27:49,072 [INFO] PluginManage:359 - Loaded plugin analytics (category:tool,tabindex:-1)
2025-08-15 18:27:49,072 [INFO] PluginManage:310 - Check plugin cadmodel
2025-08-15 18:27:49,076 [INFO] CADModel:105 - Init CAD model plugin
2025-08-15 18:27:49,076 [INFO] PluginManage:359 - Loaded plugin cadmodel (category:power,tabindex:5)
2025-08-15 18:27:49,076 [INFO] PluginManage:310 - Check plugin clock
2025-08-15 18:27:49,084 [INFO] PluginManage:359 - Loaded plugin clock (category:base,tabindex:2)
2025-08-15 18:27:49,085 [INFO] PluginManage:310 - Check plugin ddr
2025-08-15 18:27:49,086 [INFO] PluginManage:359 - Loaded plugin ddr (category:tool,tabindex:6)
2025-08-15 18:27:49,087 [INFO] PluginManage:310 - Check plugin filemanager
2025-08-15 18:27:49,236 [INFO] PluginManage:359 - Loaded plugin filemanager (category:base,tabindex:10)
2025-08-15 18:27:49,236 [INFO] PluginManage:310 - Check plugin ipmanager
2025-08-15 18:27:49,242 [INFO] PluginManage:359 - Loaded plugin ipmanager (category:base,tabindex:5)
2025-08-15 18:27:49,242 [INFO] PluginManage:310 - Check plugin lpbam
2025-08-15 18:27:49,250 [INFO] PluginManage:359 - Loaded plugin lpbam (category:base,tabindex:0)
2025-08-15 18:27:49,250 [INFO] PluginManage:310 - Check plugin memorymap
2025-08-15 18:27:49,262 [INFO] PluginManage:359 - Loaded plugin memorymap (category:base,tabindex:4)
2025-08-15 18:27:49,262 [INFO] PluginManage:310 - Check plugin pinoutandconfiguration
2025-08-15 18:27:49,269 [INFO] PluginManage:359 - Loaded plugin pinoutandconfiguration (category:base,tabindex:1)
2025-08-15 18:27:49,269 [INFO] PluginManage:310 - Check plugin pinoutconfig
2025-08-15 18:27:49,348 [WARN] SupportedApi:132 - Cannot load RTOS API schema: s4s-elt-must-match.1: The content of 'definitions' must match (annotation?, (simpleType | complexType)?, (unique | key | keyref)*)). A problem was found starting at: attribute.
2025-08-15 18:27:49,472 [INFO] PluginManage:359 - Loaded plugin pinoutconfig (category:base,tabindex:0)
2025-08-15 18:27:49,472 [INFO] PluginManage:310 - Check plugin power
2025-08-15 18:27:49,480 [INFO] PluginManage:359 - Loaded plugin power (category:power,tabindex:4)
2025-08-15 18:27:49,480 [INFO] PluginManage:310 - Check plugin projectmanager
2025-08-15 18:27:49,497 [INFO] PluginManage:359 - Loaded plugin projectmanager (category:projectmanager,tabindex:4)
2025-08-15 18:27:49,497 [INFO] PluginManage:310 - Check plugin rif
2025-08-15 18:27:49,505 [INFO] PluginManage:359 - Loaded plugin rif (category:base,tabindex:3)
2025-08-15 18:27:49,505 [INFO] PluginManage:310 - Check plugin thirdparty
2025-08-15 18:27:49,628 [INFO] PluginManage:359 - Loaded plugin thirdparty (category:base,tabindex:-1)
2025-08-15 18:27:49,628 [WARN] IntegrityCheckThread:84 - waiting for thirdparty lock release [integrity check]
2025-08-15 18:27:49,629 [INFO] PluginManage:310 - Check plugin tools
2025-08-15 18:27:49,629 [INFO] IntegrityCheckThread:86 - entering critical section [integrity check]
2025-08-15 18:27:49,630 [INFO] ThirdPartyUpdaterWithRetryManager:70 - Updater plugin not ready yet. [1/15]
2025-08-15 18:27:49,631 [INFO] PluginManage:359 - Loaded plugin tools (category:base,tabindex:7)
2025-08-15 18:27:49,632 [INFO] PluginManage:310 - Check plugin tutovideos
2025-08-15 18:27:49,822 [INFO] PluginManage:359 - Loaded plugin tutovideos (category:base,tabindex:-1)
2025-08-15 18:27:49,822 [INFO] PluginManage:310 - Check plugin updater
2025-08-15 18:27:49,845 [INFO] PluginManage:359 - Loaded plugin updater (category:base,tabindex:12)
2025-08-15 18:27:49,846 [INFO] PluginManage:310 - Check plugin userauth
2025-08-15 18:27:49,849 [INFO] UserAuth:118 - Init User Auth plugin
2025-08-15 18:27:49,850 [INFO] PluginManage:359 - Loaded plugin userauth (category:base,tabindex:14)
2025-08-15 18:27:49,850 [INFO] PluginManage:283 - PluginManage : Loaded plugins [18]
2025-08-15 18:27:50,047 [INFO] PinOutPanel:1589 - setPackage(No Configuration,No Configuration)
2025-08-15 18:27:50,129 [INFO] CADModel:165 - CPN selected for project level
2025-08-15 18:27:50,129 [INFO] CADModel:114 - Register for checkConnection events
2025-08-15 18:27:50,145 [INFO] IPUIPlugin:80 - create IPUIPlugin
2025-08-15 18:27:50,145 [INFO] PluginManager:220 - loadIPPluginJar : add adc
2025-08-15 18:27:50,147 [INFO] IPUIPlugin:80 - create IPUIPlugin
2025-08-15 18:27:50,147 [INFO] PluginManager:220 - loadIPPluginJar : add aes
2025-08-15 18:27:50,149 [INFO] IPUIPlugin:80 - create IPUIPlugin
2025-08-15 18:27:50,149 [INFO] PluginManager:220 - loadIPPluginJar : add can
2025-08-15 18:27:50,152 [INFO] IPUIPlugin:80 - create IPUIPlugin
2025-08-15 18:27:50,153 [INFO] PluginManager:220 - loadIPPluginJar : add comp
2025-08-15 18:27:50,154 [INFO] IPUIPlugin:80 - create IPUIPlugin
2025-08-15 18:27:50,154 [INFO] PluginManager:220 - loadIPPluginJar : add cryp
2025-08-15 18:27:50,157 [INFO] IPUIPlugin:80 - create IPUIPlugin
2025-08-15 18:27:50,157 [INFO] PluginManager:220 - loadIPPluginJar : add ddr_ctrl_phy
2025-08-15 18:27:50,159 [INFO] IPUIPlugin:80 - create IPUIPlugin
2025-08-15 18:27:50,159 [INFO] PluginManager:220 - loadIPPluginJar : add dfsdm
2025-08-15 18:27:50,165 [INFO] IPUIPlugin:80 - create IPUIPlugin
2025-08-15 18:27:50,166 [INFO] PluginManager:220 - loadIPPluginJar : add dma
2025-08-15 18:27:50,168 [INFO] IPUIPlugin:80 - create IPUIPlugin
2025-08-15 18:27:50,168 [INFO] PluginManager:220 - loadIPPluginJar : add dma3
2025-08-15 18:27:50,170 [INFO] IPUIPlugin:80 - create IPUIPlugin
2025-08-15 18:27:50,170 [INFO] PluginManager:220 - loadIPPluginJar : add extmemmanager
2025-08-15 18:27:50,171 [INFO] IPUIPlugin:80 - create IPUIPlugin
2025-08-15 18:27:50,171 [INFO] PluginManager:220 - loadIPPluginJar : add fatfs
2025-08-15 18:27:50,175 [INFO] IPUIPlugin:80 - create IPUIPlugin
2025-08-15 18:27:50,175 [INFO] PluginManager:220 - loadIPPluginJar : add fmc
2025-08-15 18:27:50,181 [INFO] IPUIPlugin:80 - create IPUIPlugin
2025-08-15 18:27:50,181 [INFO] PluginManager:220 - loadIPPluginJar : add freertos
2025-08-15 18:27:50,182 [INFO] IPUIPlugin:80 - create IPUIPlugin
2025-08-15 18:27:50,182 [INFO] PluginManager:220 - loadIPPluginJar : add genericplugin
2025-08-15 18:27:50,184 [INFO] IPUIPlugin:80 - create IPUIPlugin
2025-08-15 18:27:50,184 [INFO] PluginManager:220 - loadIPPluginJar : add gfxmmu
2025-08-15 18:27:50,188 [INFO] IPUIPlugin:80 - create IPUIPlugin
2025-08-15 18:27:50,188 [INFO] PluginManager:220 - loadIPPluginJar : add gic
2025-08-15 18:27:50,191 [INFO] IPUIPlugin:80 - create IPUIPlugin
2025-08-15 18:27:50,191 [INFO] PluginManager:220 - loadIPPluginJar : add gpio
2025-08-15 18:27:50,194 [INFO] IPUIPlugin:80 - create IPUIPlugin
2025-08-15 18:27:50,194 [INFO] PluginManager:220 - loadIPPluginJar : add gtzc
2025-08-15 18:27:50,196 [INFO] IPUIPlugin:80 - create IPUIPlugin
2025-08-15 18:27:50,196 [INFO] PluginManager:220 - loadIPPluginJar : add hash
2025-08-15 18:27:50,198 [INFO] IPUIPlugin:80 - create IPUIPlugin
2025-08-15 18:27:50,200 [INFO] PluginManager:220 - loadIPPluginJar : add i2c
2025-08-15 18:27:50,202 [INFO] IPUIPlugin:80 - create IPUIPlugin
2025-08-15 18:27:50,202 [INFO] PluginManager:220 - loadIPPluginJar : add i2s
2025-08-15 18:27:50,205 [INFO] IPUIPlugin:80 - create IPUIPlugin
2025-08-15 18:27:50,205 [INFO] PluginManager:220 - loadIPPluginJar : add i3c
2025-08-15 18:27:50,208 [INFO] IPUIPlugin:80 - create IPUIPlugin
2025-08-15 18:27:50,208 [INFO] PluginManager:220 - loadIPPluginJar : add ipddr
2025-08-15 18:27:50,214 [INFO] IPUIPlugin:80 - create IPUIPlugin
2025-08-15 18:27:50,215 [INFO] PluginManager:220 - loadIPPluginJar : add linkedlist
2025-08-15 18:27:50,217 [INFO] IPUIPlugin:80 - create IPUIPlugin
2025-08-15 18:27:50,217 [INFO] PluginManager:220 - loadIPPluginJar : add lorawan
2025-08-15 18:27:50,219 [INFO] IPUIPlugin:80 - create IPUIPlugin
2025-08-15 18:27:50,219 [INFO] PluginManager:220 - loadIPPluginJar : add ltdc
2025-08-15 18:27:50,223 [INFO] IPUIPlugin:80 - create IPUIPlugin
2025-08-15 18:27:50,223 [INFO] PluginManager:220 - loadIPPluginJar : add mdma
2025-08-15 18:27:50,226 [INFO] IPUIPlugin:80 - create IPUIPlugin
2025-08-15 18:27:50,226 [INFO] PluginManager:220 - loadIPPluginJar : add nvic
2025-08-15 18:27:50,229 [INFO] IPUIPlugin:80 - create IPUIPlugin
2025-08-15 18:27:50,229 [INFO] PluginManager:220 - loadIPPluginJar : add opamp
2025-08-15 18:27:50,232 [INFO] IPUIPlugin:80 - create IPUIPlugin
2025-08-15 18:27:50,232 [INFO] PluginManager:220 - loadIPPluginJar : add openamp
2025-08-15 18:27:50,234 [INFO] IPUIPlugin:80 - create IPUIPlugin
2025-08-15 18:27:50,234 [INFO] PluginManager:220 - loadIPPluginJar : add pdm2pcm
2025-08-15 18:27:50,239 [INFO] IPUIPlugin:80 - create IPUIPlugin
2025-08-15 18:27:50,241 [INFO] PluginManager:220 - loadIPPluginJar : add plateformsettings
2025-08-15 18:27:50,243 [INFO] IPUIPlugin:80 - create IPUIPlugin
2025-08-15 18:27:50,243 [INFO] PluginManager:220 - loadIPPluginJar : add quadspi
2025-08-15 18:27:50,245 [INFO] IPUIPlugin:80 - create IPUIPlugin
2025-08-15 18:27:50,246 [INFO] PluginManager:220 - loadIPPluginJar : add radio
2025-08-15 18:27:50,249 [INFO] IPUIPlugin:80 - create IPUIPlugin
2025-08-15 18:27:50,249 [INFO] PluginManager:220 - loadIPPluginJar : add resmgrutility
2025-08-15 18:27:50,252 [INFO] IPUIPlugin:80 - create IPUIPlugin
2025-08-15 18:27:50,252 [INFO] PluginManager:220 - loadIPPluginJar : add sai
2025-08-15 18:27:50,254 [INFO] IPUIPlugin:80 - create IPUIPlugin
2025-08-15 18:27:50,254 [INFO] PluginManager:220 - loadIPPluginJar : add spi
2025-08-15 18:27:50,261 [INFO] IPUIPlugin:80 - create IPUIPlugin
2025-08-15 18:27:50,261 [INFO] PluginManager:220 - loadIPPluginJar : add stm32_wpan
2025-08-15 18:27:50,264 [INFO] IPUIPlugin:80 - create IPUIPlugin
2025-08-15 18:27:50,264 [INFO] PluginManager:220 - loadIPPluginJar : add tim
2025-08-15 18:27:50,267 [INFO] IPUIPlugin:80 - create IPUIPlugin
2025-08-15 18:27:50,268 [INFO] PluginManager:220 - loadIPPluginJar : add touchsensing
2025-08-15 18:27:50,270 [INFO] IPUIPlugin:80 - create IPUIPlugin
2025-08-15 18:27:50,270 [INFO] PluginManager:220 - loadIPPluginJar : add tracer_emb
2025-08-15 18:27:50,273 [INFO] IPUIPlugin:80 - create IPUIPlugin
2025-08-15 18:27:50,273 [INFO] PluginManager:220 - loadIPPluginJar : add ts
2025-08-15 18:27:50,275 [INFO] IPUIPlugin:80 - create IPUIPlugin
2025-08-15 18:27:50,275 [INFO] PluginManager:220 - loadIPPluginJar : add tsc
2025-08-15 18:27:50,277 [INFO] IPUIPlugin:80 - create IPUIPlugin
2025-08-15 18:27:50,277 [INFO] PluginManager:220 - loadIPPluginJar : add ucpd
2025-08-15 18:27:50,280 [INFO] IPUIPlugin:80 - create IPUIPlugin
2025-08-15 18:27:50,280 [INFO] PluginManager:220 - loadIPPluginJar : add usart
2025-08-15 18:27:50,284 [INFO] IPUIPlugin:80 - create IPUIPlugin
2025-08-15 18:27:50,284 [INFO] PluginManager:220 - loadIPPluginJar : add usbx
2025-08-15 18:27:50,409 [FATAL] Updater:351 - Updater called before beeing initialized
2025-08-15 18:27:50,440 [INFO] RulesReader:64 - Compatibility file has been processed (317 Rules)
2025-08-15 18:27:50,452 [INFO] RulesReader:64 - Compatibility file has been processed (317 Rules)
2025-08-15 18:27:50,458 [INFO] CADModel:165 - CPN selected for project level
2025-08-15 18:27:50,458 [INFO] CADModel:114 - Register for checkConnection events
2025-08-15 18:27:50,458 [FATAL] Updater:351 - Updater called before beeing initialized
2025-08-15 18:27:50,458 [ERROR] CADModel:125 - Updater not yet initialized, retry later 
2025-08-15 18:27:50,611 [FATAL] Updater:351 - Updater called before beeing initialized
2025-08-15 18:27:50,614 [INFO] CADModel:165 - CPN selected for project level
2025-08-15 18:27:50,614 [INFO] CADModel:114 - Register for checkConnection events
2025-08-15 18:27:50,614 [FATAL] Updater:351 - Updater called before beeing initialized
2025-08-15 18:27:50,615 [ERROR] CADModel:125 - Updater not yet initialized, retry later 
2025-08-15 18:27:50,621 [FATAL] Updater:351 - Updater called before beeing initialized
2025-08-15 18:27:50,746 [FATAL] Updater:351 - Updater called before beeing initialized
2025-08-15 18:27:50,750 [INFO] DbMcusAds:53 - JSON generation date=Tue Jul 08 04:14:23 AST 2025 (1751962463582)
2025-08-15 18:27:50,750 [FATAL] Updater:351 - Updater called before beeing initialized
2025-08-15 18:27:50,784 [WARN] DetailPanel:346 - Failed to get advertising image, set to default
2025-08-15 18:27:50,873 [FATAL] Updater:351 - Updater called before beeing initialized
2025-08-15 18:27:50,875 [FATAL] Updater:351 - Updater called before beeing initialized
2025-08-15 18:27:50,875 [FATAL] Updater:351 - Updater called before beeing initialized
2025-08-15 18:27:50,875 [WARN] DetailPanel:346 - Failed to get advertising image, set to default
2025-08-15 18:27:50,876 [FATAL] Updater:351 - Updater called before beeing initialized
2025-08-15 18:27:50,916 [ERROR] Updater:1198 - MainUpdater not yet initialized. External WinMGr cannot be set.
2025-08-15 18:27:50,917 [INFO] Updater:1134 - Updater Version found : 6.15.0
2025-08-15 18:27:50,935 [INFO] ApplicationProperties:184 - Using Application install path: C:\ST\STM32CubeIDE_1.18.1\STM32CubeIDE\plugins\com.st.stm32cube.common.mx_6.15.0.202507011659
2025-08-15 18:27:52,505 [ERROR] LogOutputStream:75 - [STDERR_REDIRECT] Aug 15, 2025 6:27:52 PM java.util.prefs.WindowsPreferences <init>
2025-08-15 18:27:52,507 [ERROR] LogOutputStream:75 - [STDERR_REDIRECT] WARNING: Could not open/create prefs root node Software\JavaSoft\Prefs at root 0xffffffff80000002. Windows RegCreateKeyEx(...) returned error code 5.
2025-08-15 18:27:52,507 [ERROR] LogOutputStream:75 - [STDERR_REDIRECT] 
2025-08-15 18:27:52,630 [INFO] ThirdPartyUpdaterWithRetryManager:70 - Updater plugin not ready yet. [2/15]
2025-08-15 18:27:53,089 [INFO] MainUpdater:2872 - connection check result : 10
2025-08-15 18:27:53,090 [INFO] MainUpdater:289 - Updater Check For Update Now.
2025-08-15 18:27:53,090 [INFO] MicroXplorer:498 - Change Database Version : DB.6.0.150
2025-08-15 18:27:53,094 [INFO] McuFinderGlobals:63 - Set McuFinder mode to 2 (CubeIDE integrated)
2025-08-15 18:27:53,094 [INFO] UserAuth:487 - Internet connection configuration mode: 1
2025-08-15 18:27:53,106 [INFO] JxBrowserEngine:152 - Initiate JxBrowser Engine with user profile folder
2025-08-15 18:27:53,299 [INFO] CheckServerUpdateThread:120 - End of CheckServer Thread
2025-08-15 18:27:53,687 [INFO] WebApp:169 - Instantiating new browser for Auth
2025-08-15 18:27:54,283 [INFO] WebApp:463 - Apply proxy settings
2025-08-15 18:27:54,284 [INFO] WebApp:548 - Chromium requires no authentication
2025-08-15 18:27:54,292 [INFO] WebApp:491 - Direct internet connection detected
2025-08-15 18:27:54,312 [INFO] WebApp:900 - Register for checkConnection events
2025-08-15 18:27:54,312 [INFO] WebApp:463 - Apply proxy settings
2025-08-15 18:27:54,312 [INFO] WebApp:548 - Chromium requires no authentication
2025-08-15 18:27:54,313 [INFO] WebApp:491 - Direct internet connection detected
2025-08-15 18:27:54,453 [INFO] WebApp:225 - Starting web application
2025-08-15 18:27:54,454 [INFO] WebApp:593 - Web application path used C:\ST\STM32CubeIDE_1.18.1\STM32CubeIDE\plugins\com.st.stm32cube.common.mx_6.15.0.202507011659\db\plugins\mcufinder\reactClient1\index.html
2025-08-15 18:27:54,532 [INFO] UserAuth:487 - Internet connection configuration mode: 1
2025-08-15 18:27:54,926 [INFO] WebApp:191 - Connection restablished
2025-08-15 18:27:55,852 [WARN] PackLoader:240 - Cannot read IP mode file for STMicroelectronics.FP-SNS-MOTENVWB1.1.4.0
2025-08-15 18:27:55,862 [WARN] PackLoader:240 - Cannot read IP mode file for STMicroelectronics.FP-ATR-ASTRA1.2.0.2
2025-08-15 18:27:55,868 [WARN] PackLoader:240 - Cannot read IP mode file for STMicroelectronics.X-CUBE-SMBUS.2.1.0
2025-08-15 18:27:55,874 [WARN] PackLoader:240 - Cannot read IP mode file for STMicroelectronics.X-CUBE-ST60.1.0.0
2025-08-15 18:27:55,916 [WARN] PackLoader:240 - Cannot read IP mode file for STMicroelectronics.X-CUBE-AZRTOS-F7.1.1.0
2025-08-15 18:27:55,962 [WARN] PackLoader:240 - Cannot read IP mode file for Infineon.AIROC-Wi-Fi-Bluetooth-STM32.1.7.0
2025-08-15 18:27:56,009 [WARN] PackLoader:240 - Cannot read IP mode file for STMicroelectronics.X-CUBE-AZRTOS-H7.3.4.0
2025-08-15 18:27:56,032 [WARN] PackLoader:240 - Cannot read IP mode file for STMicroelectronics.X-CUBE-DISPLAY.3.0.0
2025-08-15 18:27:56,054 [WARN] PackLoader:240 - Cannot read IP mode file for STMicroelectronics.X-CUBE-NFC10.1.0.0
2025-08-15 18:27:56,084 [WARN] PackLoader:240 - Cannot read IP mode file for STMicroelectronics.X-CUBE-BLEMGR.4.0.0
2025-08-15 18:27:56,094 [WARN] PackLoader:240 - Cannot read IP mode file for emotas.I-CUBE-CANOPEN.1.3.0
2025-08-15 18:27:56,100 [WARN] ConditionMgr:438 - getConditionDescription Invalid condition id : Cortex-A Device cause : null
2025-08-15 18:27:56,118 [WARN] ConditionMgr:1044 - genDependencies : Invalid condition id : Cortex-A Device cause : null
2025-08-15 18:27:56,118 [WARN] ConditionMgr:1044 - genDependencies : Invalid condition id : Cortex-A Device cause : null
2025-08-15 18:27:56,118 [WARN] ConditionMgr:1044 - genDependencies : Invalid condition id : Cortex-A Device cause : null
2025-08-15 18:27:56,123 [WARN] PackLoader:240 - Cannot read IP mode file for STMicroelectronics.X-CUBE-AI.10.0.0
2025-08-15 18:27:56,133 [WARN] PackLoader:240 - Cannot read IP mode file for STMicroelectronics.FP-SNS-STBOX1.2.1.0
2025-08-15 18:27:56,141 [WARN] PackLoader:240 - Cannot read IP mode file for STMicroelectronics.FP-SNS-SMARTAG2.1.2.0
2025-08-15 18:27:56,148 [WARN] PackLoader:240 - Cannot read IP mode file for STMicroelectronics.FP-SNS-FLIGHT1.5.1.0
2025-08-15 18:27:56,162 [INFO] LogOutputStream:77 - [STDOUT_REDIRECT] 1 : Invalid condition id : UX_CORESTACK_Condition cause : null
2025-08-15 18:27:56,163 [INFO] LogOutputStream:77 - [STDOUT_REDIRECT] 1 : Invalid condition id : UX_CORESTACK_Condition cause : null
2025-08-15 18:27:56,163 [INFO] LogOutputStream:77 - [STDOUT_REDIRECT] 1 : Invalid condition id : UX_CORESTACK_Condition cause : null
2025-08-15 18:27:56,165 [INFO] LogOutputStream:77 - [STDOUT_REDIRECT] 1 : Invalid condition id : UX_CORESTACK_Condition cause : null
2025-08-15 18:27:56,166 [INFO] LogOutputStream:77 - [STDOUT_REDIRECT] 1 : Invalid condition id : UX_CORESTACK_Condition cause : null
2025-08-15 18:27:56,170 [WARN] PackLoader:240 - Cannot read IP mode file for STMicroelectronics.X-CUBE-AZRTOS-WL.2.0.0
2025-08-15 18:27:56,178 [WARN] PackLoader:240 - Cannot read IP mode file for STMicroelectronics.FP-SNS-MOTENV1.5.0.0
2025-08-15 18:27:56,188 [WARN] PackLoader:240 - Cannot read IP mode file for WES.I-CUBE-Cesium.1.3.0
2025-08-15 18:27:56,196 [WARN] PackLoader:240 - Cannot read IP mode file for STMicroelectronics.X-CUBE-BLE2.3.3.0
2025-08-15 18:27:56,204 [WARN] PackLoader:240 - Cannot read IP mode file for STMicroelectronics.X-CUBE-NFC9.1.0.0
2025-08-15 18:27:56,213 [WARN] PackLoader:240 - Cannot read IP mode file for wolfSSL.I-CUBE-wolfSSL.5.8.0
2025-08-15 18:27:56,219 [WARN] PackLoader:240 - Cannot read IP mode file for STMicroelectronics.X-CUBE-BLE1.7.1.0
2025-08-15 18:27:56,224 [WARN] PackLoader:240 - Cannot read IP mode file for wolfSSL.I-CUBE-wolfMQTT.1.19.2
2025-08-15 18:27:56,233 [WARN] PackLoader:240 - Cannot read IP mode file for STMicroelectronics.X-CUBE-EEPRMA1.5.2.0
2025-08-15 18:27:56,240 [WARN] PackLoader:240 - Cannot read IP mode file for STMicroelectronics.X-CUBE-AI.10.1.0
2025-08-15 18:27:56,306 [WARN] PackLoader:240 - Cannot read IP mode file for STMicroelectronics.X-CUBE-MEMS1.11.2.0
2025-08-15 18:27:56,541 [WARN] PackLoader:240 - Cannot read IP mode file for STMicroelectronics.X-CUBE-AZRTOS-G0.1.1.0
2025-08-15 18:27:56,552 [WARN] PackLoader:240 - Cannot read IP mode file for STMicroelectronics.X-CUBE-SAFEA1.1.2.2
2025-08-15 18:27:56,561 [WARN] PackLoader:240 - Cannot read IP mode file for STMicroelectronics.X-CUBE-NFC4.3.0.0
2025-08-15 18:27:56,577 [WARN] PackLoader:240 - Cannot read IP mode file for EmbeddedOffice.I-CUBE-FS-RTOS.1.0.1
2025-08-15 18:27:56,592 [WARN] PackLoader:240 - Cannot read IP mode file for STMicroelectronics.X-CUBE-WB05N.2.0.0
2025-08-15 18:27:56,598 [WARN] PackLoader:240 - Cannot read IP mode file for wolfSSL.I-CUBE-wolfTPM.3.8.0
2025-08-15 18:27:56,607 [WARN] PackLoader:240 - Cannot read IP mode file for STMicroelectronics.X-CUBE-TCPP.4.2.0
2025-08-15 18:27:56,639 [WARN] PackLoader:240 - Cannot read IP mode file for RealThread.X-CUBE-RT-Thread_Nano.4.1.1
2025-08-15 18:27:56,649 [WARN] PackLoader:240 - Cannot read IP mode file for STMicroelectronics.FP-ATR-SIGFOX1.3.2.0
2025-08-15 18:27:56,656 [WARN] PackLoader:240 - Cannot read IP mode file for STMicroelectronics.X-CUBE-EEPRMA1.5.1.0
2025-08-15 18:27:56,667 [WARN] PackLoader:240 - Cannot read IP mode file for ITTIA_DB.I-CUBE-ITTIADB.8.9.0
2025-08-15 18:27:56,676 [WARN] PackLoader:240 - Cannot read IP mode file for STMicroelectronics.X-CUBE-ST67W61.1.0.0
2025-08-15 18:27:56,682 [WARN] PackLoader:240 - Cannot read IP mode file for STMicroelectronics.X-CUBE-AI.10.2.0
2025-08-15 18:27:56,720 [WARN] PackLoader:240 - Cannot read IP mode file for SEGGER.I-CUBE-embOS.1.3.1
2025-08-15 18:27:56,774 [WARN] PackLoader:240 - Cannot read IP mode file for STMicroelectronics.X-CUBE-ALGOBUILD.1.4.0
2025-08-15 18:27:56,833 [WARN] PackLoader:240 - Cannot read IP mode file for STMicroelectronics.X-CUBE-MEMS1.11.3.0
2025-08-15 18:27:56,952 [WARN] PackLoader:240 - Cannot read IP mode file for STMicroelectronics.X-CUBE-PM33A1.1.0.0
2025-08-15 18:27:56,968 [WARN] PackLoader:240 - Cannot read IP mode file for STMicroelectronics.X-CUBE-AZRTOS-F4.1.1.0
2025-08-15 18:27:56,973 [WARN] PackLoader:240 - Cannot read IP mode file for Avnet-IotConnect.X-CUBE-IoTC-DA16k-PMOD.1.0.0
2025-08-15 18:27:56,976 [WARN] PackLoader:240 - Cannot read IP mode file for STMicroelectronics.X-CUBE-ISPU.2.1.0
2025-08-15 18:27:56,981 [WARN] PackLoader:240 - Cannot read IP mode file for STMicroelectronics.X-CUBE-NFC12.1.0.0
2025-08-15 18:27:56,993 [WARN] PackLoader:240 - Cannot read IP mode file for STMicroelectronics.X-CUBE-AZRTOS-L5.2.0.0
2025-08-15 18:27:57,000 [WARN] PackLoader:240 - Cannot read IP mode file for STMicroelectronics.X-CUBE-NFC6.3.1.0
2025-08-15 18:27:57,006 [WARN] PackLoader:240 - Cannot read IP mode file for STMicroelectronics.X-CUBE-FREERTOS.1.3.1
2025-08-15 18:27:57,011 [WARN] PackLoader:240 - Cannot read IP mode file for STMicroelectronics.FP-SNS-STAIOTCFT.1.0.0
2025-08-15 18:27:57,016 [WARN] PackLoader:240 - Cannot read IP mode file for STMicroelectronics.X-CUBE-DPower.1.3.0
2025-08-15 18:27:57,037 [WARN] ConditionMgr:438 - getConditionDescription Invalid condition id : LAN8742 Phy interface Condition cause : null
2025-08-15 18:27:57,038 [WARN] PackLoader:240 - Cannot read IP mode file for STMicroelectronics.X-CUBE-AZRTOS-L4.2.0.0
2025-08-15 18:27:57,039 [WARN] ConditionMgr:1044 - genDependencies : Invalid condition id : LAN8742 Phy interface Condition cause : null
2025-08-15 18:27:57,040 [WARN] ConditionMgr:1044 - genDependencies : Invalid condition id : LAN8742 Phy interface Condition cause : null
2025-08-15 18:27:57,041 [WARN] ConditionMgr:1044 - genDependencies : Invalid condition id : LAN8742 Phy interface Condition cause : null
2025-08-15 18:27:57,051 [WARN] PackLoader:240 - Cannot read IP mode file for STMicroelectronics.X-CUBE-SFXS2LP1.4.0.0
2025-08-15 18:27:57,073 [WARN] PackLoader:240 - Cannot read IP mode file for STMicroelectronics.X-CUBE-AZRTOS-H7.3.3.0
2025-08-15 18:27:57,086 [WARN] PackLoader:240 - Cannot read IP mode file for STMicroelectronics.X-CUBE-BLEMGR.4.1.0
2025-08-15 18:27:57,100 [WARN] ConditionMgr:438 - getConditionDescription Invalid condition id : UX DEVICE CLASS RTOS Condition cause : null
2025-08-15 18:27:57,100 [WARN] ConditionMgr:438 - getConditionDescription Invalid condition id : UX DEVICE CLASS RTOS Condition cause : null
2025-08-15 18:27:57,101 [WARN] PackLoader:240 - Cannot read IP mode file for STMicroelectronics.X-CUBE-AZRTOS-WB.2.0.0
2025-08-15 18:27:57,102 [WARN] ConditionMgr:1044 - genDependencies : Invalid condition id : UX DEVICE CLASS RTOS Condition cause : null
2025-08-15 18:27:57,102 [WARN] ConditionMgr:1044 - genDependencies : Invalid condition id : UX DEVICE CLASS RTOS Condition cause : null
2025-08-15 18:27:57,102 [WARN] ConditionMgr:1044 - genDependencies : Invalid condition id : UX DEVICE CLASS RTOS Condition cause : null
2025-08-15 18:27:57,102 [WARN] ConditionMgr:1044 - genDependencies : Invalid condition id : UX DEVICE CLASS RTOS Condition cause : null
2025-08-15 18:27:57,102 [WARN] ConditionMgr:1044 - genDependencies : Invalid condition id : UX DEVICE CLASS RTOS Condition cause : null
2025-08-15 18:27:57,107 [WARN] PackLoader:240 - Cannot read IP mode file for STMicroelectronics.X-CUBE-GNSS1.7.0.1
2025-08-15 18:27:57,112 [WARN] PackLoader:240 - Cannot read IP mode file for STMicroelectronics.X-CUBE-TOUCHGFX.4.25.0
2025-08-15 18:27:57,117 [WARN] PackLoader:240 - Cannot read IP mode file for STMicroelectronics.FP-SNS-STBOX1.2.0.0
2025-08-15 18:27:57,124 [WARN] PackLoader:240 - Cannot read IP mode file for STMicroelectronics.X-CUBE-SUBG2.5.0.0
2025-08-15 18:27:57,143 [WARN] PackLoader:240 - Cannot read IP mode file for STMicroelectronics.X-CUBE-AZRTOS-H7RS.1.1.0
2025-08-15 18:27:57,149 [WARN] PackLoader:240 - Cannot read IP mode file for Cesanta.I-CUBE-Mongoose.7.13.0
2025-08-15 18:27:57,163 [WARN] PackLoader:240 - Cannot read IP mode file for STMicroelectronics.X-CUBE-AZRTOS-G4.2.0.0
2025-08-15 18:27:57,169 [WARN] PackLoader:240 - Cannot read IP mode file for wolfSSL.I-CUBE-wolfSSH.1.4.20
2025-08-15 18:27:57,174 [WARN] PackLoader:240 - Cannot read IP mode file for STMicroelectronics.X-CUBE-NFC7.2.0.0
2025-08-15 18:27:57,186 [WARN] PackLoader:240 - Cannot read IP mode file for STMicroelectronics.X-CUBE-IPS.3.1.0
2025-08-15 18:27:57,195 [WARN] PackLoader:240 - Cannot read IP mode file for STMicroelectronics.X-CUBE-ALS.1.0.2
2025-08-15 18:27:57,200 [WARN] PackLoader:240 - Cannot read IP mode file for portGmbH.I-Cube-SoM-uGOAL.1.1.0
2025-08-15 18:27:57,208 [WARN] PackLoader:240 - Cannot read IP mode file for STMicroelectronics.X-CUBE-TOF1.3.4.3
2025-08-15 18:27:57,217 [INFO] ThirdParty:978 - Integrity check success = true
2025-08-15 18:27:57,218 [INFO] IntegrityCheckThread:100 - exiting critical section [integrity check]
2025-08-15 18:27:57,218 [INFO] IntegrityCheckThread:103 - End integrity checks thread
2025-08-15 18:28:15,370 [ERROR] LogOutputStream:75 - [STDERR_REDIRECT] 
2025-08-15 18:28:15,372 [ERROR] LogOutputStream:75 - [STDERR_REDIRECT] 
