timestamp_iso8601,inference_time_ms,method,history_slots,season_length_slots,forecast_t+30m_c,forecast_t+60m_c,forecast_t+90m_c,forecast_t+120m_c,forecast_t+150m_c,forecast_t+180m_c,forecast_t+210m_c,forecast_t+240m_c,forecast_t+270m_c,forecast_t+300m_c,forecast_t+330m_c,forecast_t+360m_c,forecast_t+390m_c,forecast_t+420m_c,forecast_t+450m_c,forecast_t+480m_c,forecast_t+510m_c,forecast_t+540m_c,forecast_t+570m_c,forecast_t+600m_c,forecast_t+630m_c,forecast_t+660m_c,forecast_t+690m_c,forecast_t+720m_c
2026-03-25T03:37:38Z,0,seasonal_naive_24h,67,48,23.2588,23.2093,23.4676,24.2260,25.5046,27.4932,29.5318,31.2072,32.8270,31.9202,31.7355,31.7989,31.9053,32.1413,32.2204,31.9662,31.6445,31.4461,31.7521,31.3451,30.4347,30.1613,29.6837,29.0799
2026-03-25T03:42:38Z,0,seasonal_naive_24h,61,48,23.7395,23.7575,23.9165,23.6799,23.6799,23.3953,23.2588,23.2093,23.4676,24.2260,25.5046,27.4932,29.5318,31.2072,32.8270,31.9202,31.7355,31.7989,31.9053,32.1413,32.2204,31.9662,31.6445,31.4461
2026-03-25T03:52:39Z,0,seasonal_naive_24h,61,48,23.7395,23.7575,23.9165,23.6799,23.6799,23.3953,23.2588,23.2093,23.4676,24.2260,25.5046,27.4932,29.5318,31.2072,32.8270,31.9202,31.7355,31.7989,31.9053,32.1413,32.2204,31.9662,31.6445,31.4461
2026-03-25T04:02:39Z,0,seasonal_naive_24h,68,48,23.2093,23.4676,24.2260,25.5046,27.4932,29.5318,31.2072,32.8270,31.9202,31.7355,31.7989,31.9053,32.1413,32.2204,31.9662,31.6445,31.4461,31.7521,31.3451,30.4347,30.1613,29.6837,29.0799,28.5846
2026-03-25T04:07:39Z,0,seasonal_naive_24h,68,48,23.2093,23.4676,24.2260,25.5046,27.4932,29.5318,31.2072,32.8270,31.9202,31.7355,31.7989,31.9053,32.1413,32.2204,31.9662,31.6445,31.4461,31.7521,31.3451,30.4347,30.1613,29.6837,29.0799,28.5846
2026-03-25T04:12:39Z,0,seasonal_naive_24h,68,48,23.2093,23.4676,24.2260,25.5046,27.4932,29.5318,31.2072,32.8270,31.9202,31.7355,31.7989,31.9053,32.1413,32.2204,31.9662,31.6445,31.4461,31.7521,31.3451,30.4347,30.1613,29.6837,29.0799,28.5846
2026-03-25T04:17:39Z,0,seasonal_naive_24h,68,48,23.2093,23.4676,24.2260,25.5046,27.4932,29.5318,31.2072,32.8270,31.9202,31.7355,31.7989,31.9053,32.1413,32.2204,31.9662,31.6445,31.4461,31.7521,31.3451,30.4347,30.1613,29.6837,29.0799,28.5846
2026-03-25T04:22:39Z,0,seasonal_naive_24h,68,48,23.2093,23.4676,24.2260,25.5046,27.4932,29.5318,31.2072,32.8270,31.9202,31.7355,31.7989,31.9053,32.1413,32.2204,31.9662,31.6445,31.4461,31.7521,31.3451,30.4347,30.1613,29.6837,29.0799,28.5846
2026-03-25T04:27:39Z,0,seasonal_naive_24h,68,48,23.2093,23.4676,24.2260,25.5046,27.4932,29.5318,31.2072,32.8270,31.9202,31.7355,31.7989,31.9053,32.1413,32.2204,31.9662,31.6445,31.4461,31.7521,31.3451,30.4347,30.1613,29.6837,29.0799,28.5846
2026-03-25T04:32:39Z,0,seasonal_naive_24h,69,48,23.4676,24.2260,25.5046,27.4932,29.5318,31.2072,32.8270,31.9202,31.7355,31.7989,31.9053,32.1413,32.2204,31.9662,31.6445,31.4461,31.7521,31.3451,30.4347,30.1613,29.6837,29.0799,28.5846,28.1204
2026-03-25T06:32:39Z,0,seasonal_naive_24h,50,48,27.1807,26.6044,26.1880,25.8221,25.5372,25.3846,25.2192,25.0334,24.8157,24.6545,24.4697,24.3798,24.3080,24.3195,24.5944,24.2007,24.0438,24.0969,25.6212,25.5372,25.3846,25.2192,25.0334,24.8157
2026-03-25T06:37:39Z,0,seasonal_naive_24h,50,48,27.1807,26.6044,26.1880,25.8221,25.5372,25.3846,25.2192,25.0334,24.8157,24.6545,24.4697,24.3798,24.3080,24.3195,24.5944,24.2007,24.0438,24.0738,25.6212,25.5372,25.3846,25.2192,25.0334,24.8157
2026-03-25T06:47:39Z,0,seasonal_naive_24h,50,48,27.1807,26.6044,26.1880,25.8221,25.5372,25.3846,25.2192,25.0334,24.8157,24.6545,24.4697,24.3798,24.3080,24.3195,24.5944,24.2007,24.0438,24.0900,25.6212,25.5372,25.3846,25.2192,25.0334,24.8157
2026-03-25T06:52:39Z,0,seasonal_naive_24h,50,48,27.1807,26.6044,26.1880,25.8221,25.5372,25.3846,25.2192,25.0334,24.8157,24.6545,24.4697,24.3798,24.3080,24.3195,24.5944,24.2007,24.0438,24.0877,25.6212,25.5372,25.3846,25.2192,25.0334,24.8157
2026-03-25T06:57:40Z,0,seasonal_naive_24h,50,48,27.1807,26.6044,26.1880,25.8221,25.5372,25.3846,25.2192,25.0334,24.8157,24.6545,24.4697,24.3798,24.3080,24.3195,24.5944,24.2007,24.0438,24.0625,25.6212,25.5372,25.3846,25.2192,25.0334,24.8157
2026-03-25T07:02:39Z,0,seasonal_naive_24h,53,48,25.8221,25.5372,25.3846,25.2192,25.0334,24.8157,24.6545,24.4697,24.3798,24.3080,24.3195,24.5944,24.2007,24.0438,24.0470,23.8025,25.6212,25.5372,25.3846,25.2192,25.0334,24.8157,24.6545,24.4697
2026-03-25T07:07:39Z,0,seasonal_naive_24h,53,48,25.8221,25.5372,25.3846,25.2192,25.0334,24.8157,24.6545,24.4697,24.3798,24.3080,24.3195,24.5944,24.2007,24.0438,24.0470,23.8183,25.6212,25.5372,25.3846,25.2192,25.0334,24.8157,24.6545,24.4697
2026-03-25T07:12:39Z,0,seasonal_naive_24h,53,48,25.8221,25.5372,25.3846,25.2192,25.0334,24.8157,24.6545,24.4697,24.3798,24.3080,24.3195,24.5944,24.2007,24.0438,24.0470,23.8159,25.6212,25.5372,25.3846,25.2192,25.0334,24.8157,24.6545,24.4697
2026-03-25T07:17:39Z,0,seasonal_naive_24h,53,48,25.8221,25.5372,25.3846,25.2192,25.0334,24.8157,24.6545,24.4697,24.3798,24.3080,24.3195,24.5944,24.2007,24.0438,24.0470,23.8196,25.6212,25.5372,25.3846,25.2192,25.0334,24.8157,24.6545,24.4697
2026-03-25T07:22:39Z,1,seasonal_naive_24h,53,48,25.8221,25.5372,25.3846,25.2192,25.0334,24.8157,24.6545,24.4697,24.3798,24.3080,24.3195,24.5944,24.2007,24.0438,24.0470,23.8175,25.6212,25.5372,25.3846,25.2192,25.0334,24.8157,24.6545,24.4697
2026-03-25T07:27:39Z,0,seasonal_naive_24h,116,48,27.4176,27.2289,27.0658,26.8920,26.7394,26.6044,26.4865,26.3645,26.2947,26.2447,26.0838,25.9743,25.8761,25.7102,25.5521,25.6696,26.0669,26.5140,27.0712,27.5992,28.0794,28.5421,28.9277,29.3139
2026-03-25T07:32:39Z,0,seasonal_naive_24h,56,48,25.2192,25.0334,24.8157,24.6545,24.4697,24.3798,24.3080,24.3195,24.5944,24.2007,24.0438,24.0470,23.8504,23.9703,25.6212,25.5372,25.3846,25.2192,25.0334,24.8157,24.6545,24.4697,24.3798,24.3080
2026-03-25T07:37:39Z,0,seasonal_naive_24h,56,48,25.2192,25.0334,24.8157,24.6545,24.4697,24.3798,24.3080,24.3195,24.5944,24.2007,24.0438,24.0470,23.8504,24.0092,25.6212,25.5372,25.3846,25.2192,25.0334,24.8157,24.6545,24.4697,24.3798,24.3080
2026-03-25T07:42:39Z,0,seasonal_naive_24h,56,48,25.2192,25.0334,24.8157,24.6545,24.4697,24.3798,24.3080,24.3195,24.5944,24.2007,24.0438,24.0470,23.8504,24.0598,25.6212,25.5372,25.3846,25.2192,25.0334,24.8157,24.6545,24.4697,24.3798,24.3080
2026-03-25T07:47:39Z,0,seasonal_naive_24h,56,48,25.2192,25.0334,24.8157,24.6545,24.4697,24.3798,24.3080,24.3195,24.5944,24.2007,24.0438,24.0470,23.8504,24.0855,25.6212,25.5372,25.3846,25.2192,25.0334,24.8157,24.6545,24.4697,24.3798,24.3080
2026-03-25T07:52:39Z,0,seasonal_naive_24h,56,48,25.2192,25.0334,24.8157,24.6545,24.4697,24.3798,24.3080,24.3195,24.5944,24.2007,24.0438,24.0470,23.8504,24.1068,25.6212,25.5372,25.3846,25.2192,25.0334,24.8157,24.6545,24.4697,24.3798,24.3080
2026-03-25T07:57:39Z,0,seasonal_naive_24h,56,48,25.2192,25.0334,24.8157,24.6545,24.4697,24.3798,24.3080,24.3195,24.5944,24.2007,24.0438,24.0470,23.8504,24.0949,25.6212,25.5372,25.3846,25.2192,25.0334,24.8157,24.6545,24.4697,24.3798,24.3080
2026-03-25T08:02:39Z,0,seasonal_naive_24h,59,48,24.6545,24.4697,24.3798,24.3080,24.3195,24.5944,24.2007,24.0438,24.0470,23.8504,24.0742,23.6857,25.6212,25.5372,25.3846,25.2192,25.0334,24.8157,24.6545,24.4697,24.3798,24.3080,24.3195,24.5944
2026-03-25T08:07:39Z,0,seasonal_naive_24h,59,48,24.6545,24.4697,24.3798,24.3080,24.3195,24.5944,24.2007,24.0438,24.0470,23.8504,24.0742,23.6309,25.6212,25.5372,25.3846,25.2192,25.0334,24.8157,24.6545,24.4697,24.3798,24.3080,24.3195,24.5944
2026-03-25T08:13:49Z,0,seasonal_naive_24h,59,48,24.6545,24.4697,24.3798,24.3080,24.3195,24.5944,24.2007,24.0438,24.0470,23.8504,24.0742,23.6815,25.6212,25.5372,25.3846,25.2192,25.0334,24.8157,24.6545,24.4697,24.3798,24.3080,24.3195,24.5944
2026-03-25T08:18:49Z,0,seasonal_naive_24h,54,48,24.6545,24.4697,24.3798,24.3080,24.3195,24.5944,24.2007,24.0438,24.0470,23.8504,24.0742,23.6886,25.6212,25.5372,25.3846,25.2192,25.0334,24.8157,24.6545,24.4697,24.3798,24.3080,24.3195,24.5944
2026-03-25T08:23:49Z,0,seasonal_naive_24h,54,48,24.6545,24.4697,24.3798,24.3080,24.3195,24.5944,24.2007,24.0438,24.0470,23.8504,24.0742,23.6998,25.6212,25.5372,25.3846,25.2192,25.0334,24.8157,24.6545,24.4697,24.3798,24.3080,24.3195,24.5944
2026-03-25T08:28:49Z,0,seasonal_naive_24h,54,48,24.6545,24.4697,24.3798,24.3080,24.3195,24.5944,24.2007,24.0438,24.0470,23.8504,24.0742,23.6835,25.6212,25.5372,25.3846,25.2192,25.0334,24.8157,24.6545,24.4697,24.3798,24.3080,24.3195,24.5944
2026-03-25T08:38:49Z,0,seasonal_naive_24h,57,48,24.3080,24.3195,24.5944,24.2007,24.0438,24.0470,23.8504,24.0742,23.6844,23.6333,25.6212,25.5372,25.3846,25.2192,25.0334,24.8157,24.6545,24.4697,24.3798,24.3080,24.3195,24.5944,24.2007,24.0438
2026-03-25T08:43:49Z,0,seasonal_naive_24h,76,48,24.3080,24.3195,24.5944,24.2007,24.0438,24.0470,23.8504,24.0742,23.6844,23.5571,25.6212,25.5372,25.3846,25.2192,25.0334,24.8157,24.6545,24.4697,24.3798,24.3080,24.3195,24.5944,24.2007,24.0438
2026-03-25T08:53:49Z,0,seasonal_naive_24h,57,48,24.3080,24.3195,24.5944,24.2007,24.0438,24.0470,23.8504,24.0742,23.6844,23.4850,25.6212,25.5372,25.3846,25.2192,25.0334,24.8157,24.6545,24.4697,24.3798,24.3080,24.3195,24.5944,24.2007,24.0438
2026-03-25T08:58:49Z,0,seasonal_naive_24h,57,48,24.3080,24.3195,24.5944,24.2007,24.0438,24.0470,23.8504,24.0742,23.6844,23.4623,25.6212,25.5372,25.3846,25.2192,25.0334,24.8157,24.6545,24.4697,24.3798,24.3080,24.3195,24.5944,24.2007,24.0438
2026-03-25T09:03:49Z,0,seasonal_naive_24h,60,48,24.2007,24.0438,24.0470,23.8504,24.0742,23.6844,23.4565,23.3484,25.6212,25.5372,25.3846,25.2192,25.0334,24.8157,24.6545,24.4697,24.3798,24.3080,24.3195,24.5944,24.2007,24.0438,24.0470,23.8504
2026-03-25T09:18:49Z,0,seasonal_naive_24h,60,48,24.2007,24.0438,24.0470,23.8504,24.0742,23.6844,23.4565,23.2840,25.6212,25.5372,25.3846,25.2192,25.0334,24.8157,24.6545,24.4697,24.3798,24.3080,24.3195,24.5944,24.2007,24.0438,24.0470,23.8504
2026-03-25T09:23:49Z,0,seasonal_naive_24h,128,48,27.5063,27.3940,27.2683,27.1920,27.1106,27.0858,27.0513,27.0272,26.9819,26.8806,26.7518,26.6525,26.4550,26.3001,26.1977,26.3705,26.7325,27.1785,27.6671,27.8260,28.3754,29.1454,29.6713,29.7607
2026-03-25T09:38:49Z,0,seasonal_naive_24h,63,48,23.8504,24.0742,23.6844,23.4565,23.2356,23.1104,25.6212,25.5372,25.3846,25.2192,25.0334,24.8157,24.6545,24.4697,24.3798,24.3080,24.3195,24.5944,24.2007,24.0438,24.0470,23.8504,24.0742,23.6844
2026-03-25T09:43:49Z,0,seasonal_naive_24h,84,48,23.8504,24.0742,23.6844,23.4565,23.2356,23.1355,25.6212,25.5372,25.3846,25.2192,25.0334,24.8157,24.6545,24.4697,24.3798,24.3080,24.3195,24.5944,24.2007,24.0438,24.0470,23.8504,24.0742,23.6844
2026-03-25T09:53:49Z,0,seasonal_naive_24h,84,48,23.8504,24.0742,23.6844,23.4565,23.2356,23.1217,25.6212,25.5372,25.3846,25.2192,25.0334,24.8157,24.6545,24.4697,24.3798,24.3080,24.3195,24.5944,24.2007,24.0438,24.0470,23.8504,24.0742,23.6844
2026-03-25T09:58:49Z,0,seasonal_naive_24h,84,48,23.8504,24.0742,23.6844,23.4565,23.2356,23.1236,25.6212,25.5372,25.3846,25.2192,25.0334,24.8157,24.6545,24.4697,24.3798,24.3080,24.3195,24.5944,24.2007,24.0438,24.0470,23.8504,24.0742,23.6844
2026-03-25T10:03:49Z,0,seasonal_naive_24h,88,48,23.4565,23.2356,23.1246,23.0617,25.6212,25.5372,25.3846,25.2192,25.0334,24.8157,24.6545,24.4697,24.3798,24.3080,24.3195,24.5944,24.2007,24.0438,24.0470,23.8504,24.0742,23.6844,23.4565,23.2356
2026-03-25T10:08:49Z,0,seasonal_naive_24h,66,48,23.4565,23.2356,23.1246,23.0015,25.6212,25.5372,25.3846,25.2192,25.0334,24.8157,24.6545,24.4697,24.3798,24.3080,24.3195,24.5944,24.2007,24.0438,24.0470,23.8504,24.0742,23.6844,23.4565,23.2356
2026-03-25T10:13:49Z,0,seasonal_naive_24h,66,48,23.4565,23.2356,23.1246,22.9410,25.6212,25.5372,25.3846,25.2192,25.0334,24.8157,24.6545,24.4697,24.3798,24.3080,24.3195,24.5944,24.2007,24.0438,24.0470,23.8504,24.0742,23.6844,23.4565,23.2356
2026-03-25T10:28:49Z,0,seasonal_naive_24h,66,48,23.4565,23.2356,23.1246,23.0159,25.6212,25.5372,25.3846,25.2192,25.0334,24.8157,24.6545,24.4697,24.3798,24.3080,24.3195,24.5944,24.2007,24.0438,24.0470,23.8504,24.0742,23.6844,23.4565,23.2356
2026-03-25T10:33:49Z,0,seasonal_naive_24h,92,48,23.0298,23.3785,25.6212,25.5372,25.3846,25.2192,25.0334,24.8157,24.6545,24.4697,24.3798,24.3080,24.3195,24.5944,24.2007,24.0438,24.0470,23.8504,24.0742,23.6844,23.4565,23.2356,23.1246,23.0298
2026-03-25T10:48:49Z,0,seasonal_naive_24h,92,48,23.0298,23.5061,25.6212,25.5372,25.3846,25.2192,25.0334,24.8157,24.6545,24.4697,24.3798,24.3080,24.3195,24.5944,24.2007,24.0438,24.0470,23.8504,24.0742,23.6844,23.4565,23.2356,23.1246,23.0298
2026-03-25T10:58:49Z,0,seasonal_naive_24h,92,48,23.0298,23.6175,25.6212,25.5372,25.3846,25.2192,25.0334,24.8157,24.6545,24.4697,24.3798,24.3080,24.3195,24.5944,24.2007,24.0438,24.0470,23.8504,24.0742,23.6844,23.4565,23.2356,23.1246,23.0298
2026-03-25T11:03:49Z,0,seasonal_naive_24h,96,48,25.6212,25.5372,25.3846,25.2192,25.0334,24.8157,24.6545,24.4697,24.3798,24.3080,24.3195,24.5944,24.2007,24.0438,24.0470,23.8504,24.0742,23.6844,23.4565,23.2356,23.1246,23.0298,23.6288,23.8817
2026-03-25T11:08:49Z,0,seasonal_naive_24h,72,48,25.6212,25.5372,25.3846,25.2192,25.0334,24.8157,24.6545,24.4697,24.3798,24.3080,24.3195,24.5944,24.2007,24.0438,24.0470,23.8504,24.0742,23.6844,23.4565,23.2356,23.1246,23.0298,23.6288,23.8371
2026-03-25T11:13:49Z,0,seasonal_naive_24h,96,48,25.6212,25.5372,25.3846,25.2192,25.0334,24.8157,24.6545,24.4697,24.3798,24.3080,24.3195,24.5944,24.2007,24.0438,24.0470,23.8504,24.0742,23.6844,23.4565,23.2356,23.1246,23.0298,23.6288,23.8127
2026-03-25T11:18:49Z,0,seasonal_naive_24h,96,48,25.6212,25.5372,25.3846,25.2192,25.0334,24.8157,24.6545,24.4697,24.3798,24.3080,24.3195,24.5944,24.2007,24.0438,24.0470,23.8504,24.0742,23.6844,23.4565,23.2356,23.1246,23.0298,23.6288,23.8029
2026-03-25T11:23:49Z,0,seasonal_naive_24h,96,48,25.6212,25.5372,25.3846,25.2192,25.0334,24.8157,24.6545,24.4697,24.3798,24.3080,24.3195,24.5944,24.2007,24.0438,24.0470,23.8504,24.0742,23.6844,23.4565,23.2356,23.1246,23.0298,23.6288,23.8358
2026-03-25T11:28:49Z,0,seasonal_naive_24h,96,48,25.6212,25.5372,25.3846,25.2192,25.0334,24.8157,24.6545,24.4697,24.3798,24.3080,24.3195,24.5944,24.2007,24.0438,24.0470,23.8504,24.0742,23.6844,23.4565,23.2356,23.1246,23.0298,23.6288,23.8705
2026-03-25T11:33:49Z,0,seasonal_naive_24h,100,48,25.3846,25.2192,25.0334,24.8157,24.6545,24.4697,24.3798,24.3080,24.3195,24.5944,24.2007,24.0438,24.0470,23.8504,24.0742,23.6844,23.4565,23.2356,23.1246,23.0298,23.6288,23.8837,24.2619,25.6212
2026-03-25T11:38:49Z,0,seasonal_naive_24h,100,48,25.3846,25.2192,25.0334,24.8157,24.6545,24.4697,24.3798,24.3080,24.3195,24.5944,24.2007,24.0438,24.0470,23.8504,24.0742,23.6844,23.4565,23.2356,23.1246,23.0298,23.6288,23.8837,24.3446,25.6212
2026-03-25T11:52:06Z,0,seasonal_naive_24h,100,48,25.3846,25.2192,25.0334,24.8157,24.6545,24.4697,24.3798,24.3080,24.3195,24.5944,24.2007,24.0438,24.0470,23.8504,24.0742,23.6844,23.4565,23.2356,23.1246,23.0298,23.6288,23.8837,24.5031,25.6212
2026-03-25T12:02:06Z,0,seasonal_naive_24h,78,48,25.0334,24.8157,24.6545,24.4697,24.3798,24.3080,24.3195,24.5944,24.2007,24.0438,24.0470,23.8504,24.0742,23.6844,23.4565,23.2356,23.1246,23.0298,23.6288,23.8837,24.6197,25.0282,25.6212,25.5372
2026-03-25T12:07:06Z,0,seasonal_naive_24h,104,48,25.0334,24.8157,24.6545,24.4697,24.3798,24.3080,24.3195,24.5944,24.2007,24.0438,24.0470,23.8504,24.0742,23.6844,23.4565,23.2356,23.1246,23.0298,23.6288,23.8837,24.6197,25.1341,25.6212,25.5372
2026-03-25T12:12:06Z,0,seasonal_naive_24h,52,48,25.0334,24.8157,24.6545,24.4697,24.3798,24.3080,24.3195,24.5944,24.2007,24.0438,24.0470,23.8504,24.0742,23.6844,23.4565,23.2356,23.1246,23.0298,23.6288,23.8837,24.6197,25.2272,25.6212,25.5372
2026-03-25T12:17:06Z,0,seasonal_naive_24h,78,48,25.0334,24.8157,24.6545,24.4697,24.3798,24.3080,24.3195,24.5944,24.2007,24.0438,24.0470,23.8504,24.0742,23.6844,23.4565,23.2356,23.1246,23.0298,23.6288,23.8837,24.6197,25.3057,25.6212,25.5372
2026-03-25T12:22:06Z,0,seasonal_naive_24h,104,48,25.0334,24.8157,24.6545,24.4697,24.3798,24.3080,24.3195,24.5944,24.2007,24.0438,24.0470,23.8504,24.0742,23.6844,23.4565,23.2356,23.1246,23.0298,23.6288,23.8837,24.6197,25.4210,25.6212,25.5372
2026-03-25T12:27:06Z,0,seasonal_naive_24h,104,48,25.0334,24.8157,24.6545,24.4697,24.3798,24.3080,24.3195,24.5944,24.2007,24.0438,24.0470,23.8504,24.0742,23.6844,23.4565,23.2356,23.1246,23.0298,23.6288,23.8837,24.6197,25.5331,25.6212,25.5372
2026-03-25T12:32:06Z,0,seasonal_naive_24h,108,48,24.6545,24.4697,24.3798,24.3080,24.3195,24.5944,24.2007,24.0438,24.0470,23.8504,24.0742,23.6844,23.4565,23.2356,23.1246,23.0298,23.6288,23.8837,24.6197,25.6441,26.8557,25.6212,25.5372,25.3846
2026-03-25T12:37:06Z,0,seasonal_naive_24h,108,48,24.6545,24.4697,24.3798,24.3080,24.3195,24.5944,24.2007,24.0438,24.0470,23.8504,24.0742,23.6844,23.4565,23.2356,23.1246,23.0298,23.6288,23.8837,24.6197,25.6441,26.8077,25.6212,25.5372,25.3846
2026-03-25T12:45:24Z,0,seasonal_naive_24h,108,48,24.6545,24.4697,24.3798,24.3080,24.3195,24.5944,24.2007,24.0438,24.0470,23.8504,24.0742,23.6844,23.4565,23.2356,23.1246,23.0298,23.6288,23.8837,24.6197,25.6441,26.8815,25.6212,25.5372,25.3846
2026-03-25T12:50:24Z,0,seasonal_naive_24h,128,48,27.4176,27.2289,27.0658,26.8920,26.7394,26.6044,26.4865,26.3645,26.2947,26.2447,26.0838,25.9743,25.8761,25.7102,25.5521,25.6696,26.0669,26.5140,27.0712,27.5992,28.0794,28.5421,28.9277,29.3139
2026-03-25T12:55:24Z,0,seasonal_naive_24h,81,48,24.6545,24.4697,24.3798,24.3080,24.3195,24.5944,24.2007,24.0438,24.0470,23.8504,24.0742,23.6844,23.4565,23.2356,23.1246,23.0298,23.6288,23.8837,24.6197,25.6441,27.0054,25.6212,25.5372,25.3846
2026-03-25T13:00:24Z,0,seasonal_naive_24h,84,48,24.3798,24.3080,24.3195,24.5944,24.2007,24.0438,24.0470,23.8504,24.0742,23.6844,23.4565,23.2356,23.1246,23.0298,23.6288,23.8837,24.6197,25.6441,27.1083,27.4971,25.6212,25.5372,25.3846,25.2192
2026-03-25T13:05:24Z,0,seasonal_naive_24h,84,48,24.3798,24.3080,24.3195,24.5944,24.2007,24.0438,24.0470,23.8504,24.0742,23.6844,23.4565,23.2356,23.1246,23.0298,23.6288,23.8837,24.6197,25.6441,27.1083,27.4142,25.6212,25.5372,25.3846,25.2192
2026-03-25T13:10:24Z,0,seasonal_naive_24h,112,48,24.3798,24.3080,24.3195,24.5944,24.2007,24.0438,24.0470,23.8504,24.0742,23.6844,23.4565,23.2356,23.1246,23.0298,23.6288,23.8837,24.6197,25.6441,27.1083,27.2751,25.6212,25.5372,25.3846,25.2192
2026-03-25T13:15:24Z,0,seasonal_naive_24h,112,48,24.3798,24.3080,24.3195,24.5944,24.2007,24.0438,24.0470,23.8504,24.0742,23.6844,23.4565,23.2356,23.1246,23.0298,23.6288,23.8837,24.6197,25.6441,27.1083,27.2470,25.6212,25.5372,25.3846,25.2192
2026-03-25T13:20:24Z,0,seasonal_naive_24h,112,48,24.3798,24.3080,24.3195,24.5944,24.2007,24.0438,24.0470,23.8504,24.0742,23.6844,23.4565,23.2356,23.1246,23.0298,23.6288,23.8837,24.6197,25.6441,27.1083,27.3178,25.6212,25.5372,25.3846,25.2192
2026-03-25T13:30:24Z,0,seasonal_naive_24h,58,48,24.3195,24.5944,24.2007,24.0438,24.0470,23.8504,24.0742,23.6844,23.4565,23.2356,23.1246,23.0298,23.6288,23.8837,24.6197,25.6441,27.1083,27.5170,27.7493,25.6212,25.5372,25.3846,25.2192,25.0334
2026-03-25T13:35:24Z,0,seasonal_naive_24h,128,48,27.4176,27.2289,27.0658,26.8920,26.7394,26.6044,26.4865,26.3645,26.2947,26.2447,26.0838,25.9743,25.8761,25.7102,25.5521,25.6696,26.0669,26.5140,27.0712,27.5992,28.0794,28.5421,28.9277,29.3139
2026-03-25T13:40:24Z,0,seasonal_naive_24h,116,48,24.3195,24.5944,24.2007,24.0438,24.0470,23.8504,24.0742,23.6844,23.4565,23.2356,23.1246,23.0298,23.6288,23.8837,24.6197,25.6441,27.1083,27.5170,27.9084,25.6212,25.5372,25.3846,25.2192,25.0334
2026-03-25T13:45:24Z,0,seasonal_naive_24h,116,48,24.3195,24.5944,24.2007,24.0438,24.0470,23.8504,24.0742,23.6844,23.4565,23.2356,23.1246,23.0298,23.6288,23.8837,24.6197,25.6441,27.1083,27.5170,27.9198,25.6212,25.5372,25.3846,25.2192,25.0334
2026-03-25T13:50:24Z,0,seasonal_naive_24h,116,48,24.3195,24.5944,24.2007,24.0438,24.0470,23.8504,24.0742,23.6844,23.4565,23.2356,23.1246,23.0298,23.6288,23.8837,24.6197,25.6441,27.1083,27.5170,28.0141,25.6212,25.5372,25.3846,25.2192,25.0334
2026-03-25T13:55:24Z,0,seasonal_naive_24h,116,48,24.3195,24.5944,24.2007,24.0438,24.0470,23.8504,24.0742,23.6844,23.4565,23.2356,23.1246,23.0298,23.6288,23.8837,24.6197,25.6441,27.1083,27.5170,28.0572,25.6212,25.5372,25.3846,25.2192,25.0334
2026-03-25T14:00:24Z,0,seasonal_naive_24h,90,48,24.2007,24.0438,24.0470,23.8504,24.0742,23.6844,23.4565,23.2356,23.1246,23.0298,23.6288,23.8837,24.6197,25.6441,27.1083,27.5170,28.1375,28.0863,25.6212,25.5372,25.3846,25.2192,25.0334,24.8157
2026-03-25T14:05:25Z,0,seasonal_naive_24h,120,48,24.2007,24.0438,24.0470,23.8504,24.0742,23.6844,23.4565,23.2356,23.1246,23.0298,23.6288,23.8837,24.6197,25.6441,27.1083,27.5170,28.1375,28.1646,25.6212,25.5372,25.3846,25.2192,25.0334,24.8157
2026-03-25T14:10:24Z,0,seasonal_naive_24h,120,48,24.2007,24.0438,24.0470,23.8504,24.0742,23.6844,23.4565,23.2356,23.1246,23.0298,23.6288,23.8837,24.6197,25.6441,27.1083,27.5170,28.1375,28.2877,25.6212,25.5372,25.3846,25.2192,25.0334,24.8157
2026-03-25T14:15:24Z,0,seasonal_naive_24h,120,48,24.2007,24.0438,24.0470,23.8504,24.0742,23.6844,23.4565,23.2356,23.1246,23.0298,23.6288,23.8837,24.6197,25.6441,27.1083,27.5170,28.1375,28.2749,25.6212,25.5372,25.3846,25.2192,25.0334,24.8157
2026-03-25T14:20:24Z,0,seasonal_naive_24h,120,48,24.2007,24.0438,24.0470,23.8504,24.0742,23.6844,23.4565,23.2356,23.1246,23.0298,23.6288,23.8837,24.6197,25.6441,27.1083,27.5170,28.1375,28.2491,25.6212,25.5372,25.3846,25.2192,25.0334,24.8157
2026-03-25T14:25:24Z,0,seasonal_naive_24h,90,48,24.2007,24.0438,24.0470,23.8504,24.0742,23.6844,23.4565,23.2356,23.1246,23.0298,23.6288,23.8837,24.6197,25.6441,27.1083,27.5170,28.1375,28.2663,25.6212,25.5372,25.3846,25.2192,25.0334,24.8157
2026-03-25T14:30:24Z,0,seasonal_naive_24h,124,48,24.0470,23.8504,24.0742,23.6844,23.4565,23.2356,23.1246,23.0298,23.6288,23.8837,24.6197,25.6441,27.1083,27.5170,28.1375,28.2966,28.2342,25.6212,25.5372,25.3846,25.2192,25.0334,24.8157,24.6545
2026-03-25T14:35:24Z,0,seasonal_naive_24h,124,48,24.0470,23.8504,24.0742,23.6844,23.4565,23.2356,23.1246,23.0298,23.6288,23.8837,24.6197,25.6441,27.1083,27.5170,28.1375,28.2966,28.2715,25.6212,25.5372,25.3846,25.2192,25.0334,24.8157,24.6545
2026-03-25T14:40:24Z,0,seasonal_naive_24h,93,48,24.0470,23.8504,24.0742,23.6844,23.4565,23.2356,23.1246,23.0298,23.6288,23.8837,24.6197,25.6441,27.1083,27.5170,28.1375,28.2966,28.2647,25.6212,25.5372,25.3846,25.2192,25.0334,24.8157,24.6545
2026-03-25T14:45:25Z,0,seasonal_naive_24h,124,48,24.0470,23.8504,24.0742,23.6844,23.4565,23.2356,23.1246,23.0298,23.6288,23.8837,24.6197,25.6441,27.1083,27.5170,28.1375,28.2966,28.3159,25.6212,25.5372,25.3846,25.2192,25.0334,24.8157,24.6545
2026-03-25T14:50:24Z,0,seasonal_naive_24h,124,48,24.0470,23.8504,24.0742,23.6844,23.4565,23.2356,23.1246,23.0298,23.6288,23.8837,24.6197,25.6441,27.1083,27.5170,28.1375,28.2966,28.3641,25.6212,25.5372,25.3846,25.2192,25.0334,24.8157,24.6545
2026-03-25T14:55:24Z,0,seasonal_naive_24h,124,48,24.0470,23.8504,24.0742,23.6844,23.4565,23.2356,23.1246,23.0298,23.6288,23.8837,24.6197,25.6441,27.1083,27.5170,28.1375,28.2966,28.3887,25.6212,25.5372,25.3846,25.2192,25.0334,24.8157,24.6545
2026-03-25T15:00:25Z,0,seasonal_naive_24h,128,48,24.0742,23.6844,23.4565,23.2356,23.1246,23.0298,23.6288,23.8837,24.6197,25.6441,27.1083,27.5170,28.1375,28.2966,28.4203,28.7664,25.6212,25.5372,25.3846,25.2192,25.0334,24.8157,24.6545,24.4697
2026-03-25T15:10:25Z,0,seasonal_naive_24h,128,48,24.0742,23.6844,23.4565,23.2356,23.1246,23.0298,23.6288,23.8837,24.6197,25.6441,27.1083,27.5170,28.1375,28.2966,28.4203,28.9646,25.6212,25.5372,25.3846,25.2192,25.0334,24.8157,24.6545,24.4697
2026-03-25T15:15:25Z,0,seasonal_naive_24h,128,48,24.0742,23.6844,23.4565,23.2356,23.1246,23.0298,23.6288,23.8837,24.6197,25.6441,27.1083,27.5170,28.1375,28.2966,28.4203,29.0608,25.6212,25.5372,25.3846,25.2192,25.0334,24.8157,24.6545,24.4697
2026-03-25T15:20:25Z,0,seasonal_naive_24h,128,48,24.0742,23.6844,23.4565,23.2356,23.1246,23.0298,23.6288,23.8837,24.6197,25.6441,27.1083,27.5170,28.1375,28.2966,28.4203,29.1350,25.6212,25.5372,25.3846,25.2192,25.0334,24.8157,24.6545,24.4697
2026-03-25T15:25:25Z,0,seasonal_naive_24h,128,48,24.0742,23.6844,23.4565,23.2356,23.1246,23.0298,23.6288,23.8837,24.6197,25.6441,27.1083,27.5170,28.1375,28.2966,28.4203,29.2241,25.6212,25.5372,25.3846,25.2192,25.0334,24.8157,24.6545,24.4697
2026-03-25T15:30:25Z,0,seasonal_naive_24h,128,48,23.4565,23.2356,23.1246,23.0298,23.6288,23.8837,24.6197,25.6441,27.1083,27.5170,28.1375,28.2966,28.4203,29.2140,29.2281,25.6212,25.5372,25.3846,25.2192,25.0334,24.8157,24.6545,24.4697,24.3798
2026-03-25T15:35:25Z,0,seasonal_naive_24h,128,48,23.4565,23.2356,23.1246,23.0298,23.6288,23.8837,24.6197,25.6441,27.1083,27.5170,28.1375,28.2966,28.4203,29.2140,29.4026,25.6212,25.5372,25.3846,25.2192,25.0334,24.8157,24.6545,24.4697,24.3798
2026-03-25T15:40:25Z,0,seasonal_naive_24h,128,48,23.4565,23.2356,23.1246,23.0298,23.6288,23.8837,24.6197,25.6441,27.1083,27.5170,28.1375,28.2966,28.4203,29.2140,29.3494,25.6212,25.5372,25.3846,25.2192,25.0334,24.8157,24.6545,24.4697,24.3798
2026-03-25T15:45:25Z,0,seasonal_naive_24h,99,48,23.4565,23.2356,23.1246,23.0298,23.6288,23.8837,24.6197,25.6441,27.1083,27.5170,28.1375,28.2966,28.4203,29.2140,29.3137,25.6212,25.5372,25.3846,25.2192,25.0334,24.8157,24.6545,24.4697,24.3798
2026-03-25T15:50:25Z,0,seasonal_naive_24h,128,48,23.4565,23.2356,23.1246,23.0298,23.6288,23.8837,24.6197,25.6441,27.1083,27.5170,28.1375,28.2966,28.4203,29.2140,29.2842,25.6212,25.5372,25.3846,25.2192,25.0334,24.8157,24.6545,24.4697,24.3798
2026-03-25T15:55:25Z,0,seasonal_naive_24h,128,48,23.4565,23.2356,23.1246,23.0298,23.6288,23.8837,24.6197,25.6441,27.1083,27.5170,28.1375,28.2966,28.4203,29.2140,29.3371,25.6212,25.5372,25.3846,25.2192,25.0334,24.8157,24.6545,24.4697,24.3798
2026-03-25T16:00:25Z,0,seasonal_naive_24h,128,48,23.1246,23.0298,23.6288,23.8837,24.6197,25.6441,27.1083,27.5170,28.1375,28.2966,28.4203,29.2140,29.3895,29.7105,25.6212,25.5372,25.3846,25.2192,25.0334,24.8157,24.6545,24.4697,24.3798,24.3080
2026-03-25T16:05:25Z,0,seasonal_naive_24h,128,48,23.1246,23.0298,23.6288,23.8837,24.6197,25.6441,27.1083,27.5170,28.1375,28.2966,28.4203,29.2140,29.3895,30.0380,25.6212,25.5372,25.3846,25.2192,25.0334,24.8157,24.6545,24.4697,24.3798,24.3080
2026-03-25T16:10:25Z,0,seasonal_naive_24h,128,48,23.1246,23.0298,23.6288,23.8837,24.6197,25.6441,27.1083,27.5170,28.1375,28.2966,28.4203,29.2140,29.3895,30.0880,25.6212,25.5372,25.3846,25.2192,25.0334,24.8157,24.6545,24.4697,24.3798,24.3080
2026-03-25T16:15:25Z,0,seasonal_naive_24h,128,48,23.1246,23.0298,23.6288,23.8837,24.6197,25.6441,27.1083,27.5170,28.1375,28.2966,28.4203,29.2140,29.3895,30.0945,25.6212,25.5372,25.3846,25.2192,25.0334,24.8157,24.6545,24.4697,24.3798,24.3080
2026-03-25T16:20:25Z,0,seasonal_naive_24h,128,48,23.1246,23.0298,23.6288,23.8837,24.6197,25.6441,27.1083,27.5170,28.1375,28.2966,28.4203,29.2140,29.3895,30.0206,25.6212,25.5372,25.3846,25.2192,25.0334,24.8157,24.6545,24.4697,24.3798,24.3080
2026-03-25T16:25:25Z,0,seasonal_naive_24h,128,48,23.1246,23.0298,23.6288,23.8837,24.6197,25.6441,27.1083,27.5170,28.1375,28.2966,28.4203,29.2140,29.3895,30.0012,25.6212,25.5372,25.3846,25.2192,25.0334,24.8157,24.6545,24.4697,24.3798,24.3080
2026-03-25T16:30:25Z,0,seasonal_naive_24h,128,48,23.6288,23.8837,24.6197,25.6441,27.1083,27.5170,28.1375,28.2966,28.4203,29.2140,29.3895,30.0184,30.7494,25.6212,25.5372,25.3846,25.2192,25.0334,24.8157,24.6545,24.4697,24.3798,24.3080,24.3195
2026-03-25T16:35:25Z,0,seasonal_naive_24h,128,48,23.6288,23.8837,24.6197,25.6441,27.1083,27.5170,28.1375,28.2966,28.4203,29.2140,29.3895,30.0184,30.1750,25.6212,25.5372,25.3846,25.2192,25.0334,24.8157,24.6545,24.4697,24.3798,24.3080,24.3195
2026-03-25T16:40:25Z,0,seasonal_naive_24h,128,48,23.6288,23.8837,24.6197,25.6441,27.1083,27.5170,28.1375,28.2966,28.4203,29.2140,29.3895,30.0184,30.1986,25.6212,25.5372,25.3846,25.2192,25.0334,24.8157,24.6545,24.4697,24.3798,24.3080,24.3195
2026-03-25T16:45:25Z,0,seasonal_naive_24h,105,48,23.6288,23.8837,24.6197,25.6441,27.1083,27.5170,28.1375,28.2966,28.4203,29.2140,29.3895,30.0184,30.2850,25.6212,25.5372,25.3846,25.2192,25.0334,24.8157,24.6545,24.4697,24.3798,24.3080,24.3195
2026-03-25T16:50:25Z,0,seasonal_naive_24h,105,48,23.6288,23.8837,24.6197,25.6441,27.1083,27.5170,28.1375,28.2966,28.4203,29.2140,29.3895,30.0184,30.2339,25.6212,25.5372,25.3846,25.2192,25.0334,24.8157,24.6545,24.4697,24.3798,24.3080,24.3195
2026-03-25T16:55:25Z,0,seasonal_naive_24h,128,48,23.6288,23.8837,24.6197,25.6441,27.1083,27.5170,28.1375,28.2966,28.4203,29.2140,29.3895,30.0184,30.2354,25.6212,25.5372,25.3846,25.2192,25.0334,24.8157,24.6545,24.4697,24.3798,24.3080,24.3195
2026-03-25T17:00:25Z,0,seasonal_naive_24h,128,48,24.6197,25.6441,27.1083,27.5170,28.1375,28.2966,28.4203,29.2140,29.3895,30.0184,30.2947,30.7060,25.6212,25.5372,25.3846,25.2192,25.0334,24.8157,24.6545,24.4697,24.3798,24.3080,24.3195,24.5944
2026-03-25T17:10:25Z,0,seasonal_naive_24h,128,48,24.6197,25.6441,27.1083,27.5170,28.1375,28.2966,28.4203,29.2140,29.3895,30.0184,30.2947,30.8218,25.6212,25.5372,25.3846,25.2192,25.0334,24.8157,24.6545,24.4697,24.3798,24.3080,24.3195,24.5944
2026-03-25T17:15:25Z,0,seasonal_naive_24h,128,48,24.6197,25.6441,27.1083,27.5170,28.1375,28.2966,28.4203,29.2140,29.3895,30.0184,30.2947,30.6250,25.6212,25.5372,25.3846,25.2192,25.0334,24.8157,24.6545,24.4697,24.3798,24.3080,24.3195,24.5944
2026-03-25T17:25:25Z,0,seasonal_naive_24h,128,48,24.6197,25.6441,27.1083,27.5170,28.1375,28.2966,28.4203,29.2140,29.3895,30.0184,30.2947,30.5483,25.6212,25.5372,25.3846,25.2192,25.0334,24.8157,24.6545,24.4697,24.3798,24.3080,24.3195,24.5944
2026-03-25T17:30:25Z,0,seasonal_naive_24h,111,48,27.1083,27.5170,28.1375,28.2966,28.4203,29.2140,29.3895,30.0184,30.2947,30.5765,30.8885,25.6212,25.5372,25.3846,25.2192,25.0334,24.8157,24.6545,24.4697,24.3798,24.3080,24.3195,24.5944,24.2007
2026-03-25T17:35:25Z,0,seasonal_naive_24h,128,48,27.1083,27.5170,28.1375,28.2966,28.4203,29.2140,29.3895,30.0184,30.2947,30.5765,30.8101,25.6212,25.5372,25.3846,25.2192,25.0334,24.8157,24.6545,24.4697,24.3798,24.3080,24.3195,24.5944,24.2007
2026-03-25T17:40:25Z,0,seasonal_naive_24h,128,48,27.1083,27.5170,28.1375,28.2966,28.4203,29.2140,29.3895,30.0184,30.2947,30.5765,30.9542,25.6212,25.5372,25.3846,25.2192,25.0334,24.8157,24.6545,24.4697,24.3798,24.3080,24.3195,24.5944,24.2007
2026-03-25T17:45:25Z,0,seasonal_naive_24h,74,48,27.1083,27.5170,28.1375,28.2966,28.4203,29.2140,29.3895,30.0184,30.2947,30.5765,30.9994,25.6212,25.5372,25.3846,25.2192,25.0334,24.8157,24.6545,24.4697,24.3798,24.3080,24.3195,24.5944,24.2007
2026-03-25T17:50:25Z,0,seasonal_naive_24h,128,48,27.1083,27.5170,28.1375,28.2966,28.4203,29.2140,29.3895,30.0184,30.2947,30.5765,30.8877,25.6212,25.5372,25.3846,25.2192,25.0334,24.8157,24.6545,24.4697,24.3798,24.3080,24.3195,24.5944,24.2007
2026-03-25T17:55:25Z,0,seasonal_naive_24h,128,48,27.1083,27.5170,28.1375,28.2966,28.4203,29.2140,29.3895,30.0184,30.2947,30.5765,30.8874,25.6212,25.5372,25.3846,25.2192,25.0334,24.8157,24.6545,24.4697,24.3798,24.3080,24.3195,24.5944,24.2007
2026-03-25T18:00:25Z,0,seasonal_naive_24h,128,48,28.1375,28.2966,28.4203,29.2140,29.3895,30.0184,30.2947,30.5765,30.8668,30.5826,25.6212,25.5372,25.3846,25.2192,25.0334,24.8157,24.6545,24.4697,24.3798,24.3080,24.3195,24.5944,24.2007,24.0438
2026-03-25T18:05:25Z,0,seasonal_naive_24h,128,48,28.1375,28.2966,28.4203,29.2140,29.3895,30.0184,30.2947,30.5765,30.8668,30.8698,25.6212,25.5372,25.3846,25.2192,25.0334,24.8157,24.6545,24.4697,24.3798,24.3080,24.3195,24.5944,24.2007,24.0438
2026-03-25T18:10:25Z,0,seasonal_naive_24h,128,48,28.1375,28.2966,28.4203,29.2140,29.3895,30.0184,30.2947,30.5765,30.8668,30.7606,25.6212,25.5372,25.3846,25.2192,25.0334,24.8157,24.6545,24.4697,24.3798,24.3080,24.3195,24.5944,24.2007,24.0438
2026-03-25T18:15:25Z,0,seasonal_naive_24h,76,48,28.1375,28.2966,28.4203,29.2140,29.3895,30.0184,30.2947,30.5765,30.8668,30.6973,25.6212,25.5372,25.3846,25.2192,25.0334,24.8157,24.6545,24.4697,24.3798,24.3080,24.3195,24.5944,24.2007,24.0438
2026-03-25T18:20:25Z,0,seasonal_naive_24h,128,48,28.1375,28.2966,28.4203,29.2140,29.3895,30.0184,30.2947,30.5765,30.8668,30.6968,25.6212,25.5372,25.3846,25.2192,25.0334,24.8157,24.6545,24.4697,24.3798,24.3080,24.3195,24.5944,24.2007,24.0438
2026-03-25T18:25:25Z,0,seasonal_naive_24h,128,48,28.1375,28.2966,28.4203,29.2140,29.3895,30.0184,30.2947,30.5765,30.8668,30.6580,25.6212,25.5372,25.3846,25.2192,25.0334,24.8157,24.6545,24.4697,24.3798,24.3080,24.3195,24.5944,24.2007,24.0438
2026-03-25T18:30:25Z,0,seasonal_naive_24h,128,48,28.4203,29.2140,29.3895,30.0184,30.2947,30.5765,30.8668,30.6645,30.7322,25.6212,25.5372,25.3846,25.2192,25.0334,24.8157,24.6545,24.4697,24.3798,24.3080,24.3195,24.5944,24.2007,24.0438,24.0470
2026-03-25T18:35:25Z,0,seasonal_naive_24h,128,48,28.4203,29.2140,29.3895,30.0184,30.2947,30.5765,30.8668,30.6645,30.8193,25.6212,25.5372,25.3846,25.2192,25.0334,24.8157,24.6545,24.4697,24.3798,24.3080,24.3195,24.5944,24.2007,24.0438,24.0470
2026-03-25T18:40:25Z,0,seasonal_naive_24h,128,48,28.4203,29.2140,29.3895,30.0184,30.2947,30.5765,30.8668,30.6645,30.8343,25.6212,25.5372,25.3846,25.2192,25.0334,24.8157,24.6545,24.4697,24.3798,24.3080,24.3195,24.5944,24.2007,24.0438,24.0470
2026-03-25T18:45:25Z,0,seasonal_naive_24h,128,48,28.4203,29.2140,29.3895,30.0184,30.2947,30.5765,30.8668,30.6645,30.8232,25.6212,25.5372,25.3846,25.2192,25.0334,24.8157,24.6545,24.4697,24.3798,24.3080,24.3195,24.5944,24.2007,24.0438,24.0470
2026-03-25T18:50:25Z,0,seasonal_naive_24h,117,48,28.4203,29.2140,29.3895,30.0184,30.2947,30.5765,30.8668,30.6645,30.8390,25.6212,25.5372,25.3846,25.2192,25.0334,24.8157,24.6545,24.4697,24.3798,24.3080,24.3195,24.5944,24.2007,24.0438,24.0470
2026-03-25T18:55:25Z,0,seasonal_naive_24h,128,48,28.4203,29.2140,29.3895,30.0184,30.2947,30.5765,30.8668,30.6645,30.8018,25.6212,25.5372,25.3846,25.2192,25.0334,24.8157,24.6545,24.4697,24.3798,24.3080,24.3195,24.5944,24.2007,24.0438,24.0470
2026-03-25T19:00:25Z,0,seasonal_naive_24h,128,48,29.3895,30.0184,30.2947,30.5765,30.8668,30.6645,30.7321,29.8261,25.6212,25.5372,25.3846,25.2192,25.0334,24.8157,24.6545,24.4697,24.3798,24.3080,24.3195,24.5944,24.2007,24.0438,24.0470,23.8504
2026-03-25T19:05:25Z,0,seasonal_naive_24h,128,48,29.3895,30.0184,30.2947,30.5765,30.8668,30.6645,30.7321,30.0624,25.6212,25.5372,25.3846,25.2192,25.0334,24.8157,24.6545,24.4697,24.3798,24.3080,24.3195,24.5944,24.2007,24.0438,24.0470,23.8504
2026-03-25T19:10:25Z,0,seasonal_naive_24h,128,48,29.3895,30.0184,30.2947,30.5765,30.8668,30.6645,30.7321,30.2168,25.6212,25.5372,25.3846,25.2192,25.0334,24.8157,24.6545,24.4697,24.3798,24.3080,24.3195,24.5944,24.2007,24.0438,24.0470,23.8504
2026-03-25T19:15:25Z,0,seasonal_naive_24h,128,48,29.3895,30.0184,30.2947,30.5765,30.8668,30.6645,30.7321,30.2241,25.6212,25.5372,25.3846,25.2192,25.0334,24.8157,24.6545,24.4697,24.3798,24.3080,24.3195,24.5944,24.2007,24.0438,24.0470,23.8504
2026-03-25T19:20:25Z,0,seasonal_naive_24h,128,48,29.3895,30.0184,30.2947,30.5765,30.8668,30.6645,30.7321,30.2036,25.6212,25.5372,25.3846,25.2192,25.0334,24.8157,24.6545,24.4697,24.3798,24.3080,24.3195,24.5944,24.2007,24.0438,24.0470,23.8504
2026-03-25T19:25:25Z,0,seasonal_naive_24h,128,48,29.3895,30.0184,30.2947,30.5765,30.8668,30.6645,30.7321,30.1647,25.6212,25.5372,25.3846,25.2192,25.0334,24.8157,24.6545,24.4697,24.3798,24.3080,24.3195,24.5944,24.2007,24.0438,24.0470,23.8504
2026-03-25T19:30:25Z,0,seasonal_naive_24h,128,48,30.2947,30.5765,30.8668,30.6645,30.7321,30.1926,30.4990,25.6212,25.5372,25.3846,25.2192,25.0334,24.8157,24.6545,24.4697,24.3798,24.3080,24.3195,24.5944,24.2007,24.0438,24.0470,23.8504,24.0742
2026-03-25T19:35:25Z,0,seasonal_naive_24h,128,48,30.2947,30.5765,30.8668,30.6645,30.7321,30.1926,30.6969,25.6212,25.5372,25.3846,25.2192,25.0334,24.8157,24.6545,24.4697,24.3798,24.3080,24.3195,24.5944,24.2007,24.0438,24.0470,23.8504,24.0742
2026-03-25T19:40:25Z,0,seasonal_naive_24h,128,48,30.2947,30.5765,30.8668,30.6645,30.7321,30.1926,30.6352,25.6212,25.5372,25.3846,25.2192,25.0334,24.8157,24.6545,24.4697,24.3798,24.3080,24.3195,24.5944,24.2007,24.0438,24.0470,23.8504,24.0742
2026-03-25T19:45:25Z,0,seasonal_naive_24h,128,48,30.2947,30.5765,30.8668,30.6645,30.7321,30.1926,30.5943,25.6212,25.5372,25.3846,25.2192,25.0334,24.8157,24.6545,24.4697,24.3798,24.3080,24.3195,24.5944,24.2007,24.0438,24.0470,23.8504,24.0742
2026-03-25T19:50:25Z,0,seasonal_naive_24h,128,48,30.2947,30.5765,30.8668,30.6645,30.7321,30.1926,30.4790,25.6212,25.5372,25.3846,25.2192,25.0334,24.8157,24.6545,24.4697,24.3798,24.3080,24.3195,24.5944,24.2007,24.0438,24.0470,23.8504,24.0742
2026-03-25T19:55:25Z,0,seasonal_naive_24h,128,48,30.2947,30.5765,30.8668,30.6645,30.7321,30.1926,30.2711,25.6212,25.5372,25.3846,25.2192,25.0334,24.8157,24.6545,24.4697,24.3798,24.3080,24.3195,24.5944,24.2007,24.0438,24.0470,23.8504,24.0742
2026-03-25T20:00:25Z,0,seasonal_naive_24h,128,48,30.8668,30.6645,30.7321,30.1926,30.1649,29.6278,25.6212,25.5372,25.3846,25.2192,25.0334,24.8157,24.6545,24.4697,24.3798,24.3080,24.3195,24.5944,24.2007,24.0438,24.0470,23.8504,24.0742,23.6844
2026-03-25T20:05:25Z,0,seasonal_naive_24h,128,48,30.8668,30.6645,30.7321,30.1926,30.1649,29.7190,25.6212,25.5372,25.3846,25.2192,25.0334,24.8157,24.6545,24.4697,24.3798,24.3080,24.3195,24.5944,24.2007,24.0438,24.0470,23.8504,24.0742,23.6844
2026-03-25T20:10:25Z,0,seasonal_naive_24h,128,48,30.8668,30.6645,30.7321,30.1926,30.1649,29.5372,25.6212,25.5372,25.3846,25.2192,25.0334,24.8157,24.6545,24.4697,24.3798,24.3080,24.3195,24.5944,24.2007,24.0438,24.0470,23.8504,24.0742,23.6844
2026-03-25T20:15:25Z,0,seasonal_naive_24h,128,48,30.8668,30.6645,30.7321,30.1926,30.1649,29.5301,25.6212,25.5372,25.3846,25.2192,25.0334,24.8157,24.6545,24.4697,24.3798,24.3080,24.3195,24.5944,24.2007,24.0438,24.0470,23.8504,24.0742,23.6844
2026-03-25T20:20:25Z,0,seasonal_naive_24h,128,48,30.8668,30.6645,30.7321,30.1926,30.1649,29.5441,25.6212,25.5372,25.3846,25.2192,25.0334,24.8157,24.6545,24.4697,24.3798,24.3080,24.3195,24.5944,24.2007,24.0438,24.0470,23.8504,24.0742,23.6844
2026-03-25T20:25:25Z,0,seasonal_naive_24h,128,48,30.8668,30.6645,30.7321,30.1926,30.1649,29.5659,25.6212,25.5372,25.3846,25.2192,25.0334,24.8157,24.6545,24.4697,24.3798,24.3080,24.3195,24.5944,24.2007,24.0438,24.0470,23.8504,24.0742,23.6844
2026-03-25T20:30:25Z,0,seasonal_naive_24h,128,48,30.7321,30.1926,30.1649,29.5665,29.6101,25.6212,25.5372,25.3846,25.2192,25.0334,24.8157,24.6545,24.4697,24.3798,24.3080,24.3195,24.5944,24.2007,24.0438,24.0470,23.8504,24.0742,23.6844,23.4565
2026-03-25T20:35:25Z,0,seasonal_naive_24h,128,48,30.7321,30.1926,30.1649,29.5665,29.5760,25.6212,25.5372,25.3846,25.2192,25.0334,24.8157,24.6545,24.4697,24.3798,24.3080,24.3195,24.5944,24.2007,24.0438,24.0470,23.8504,24.0742,23.6844,23.4565
2026-03-25T20:40:25Z,0,seasonal_naive_24h,128,48,30.7321,30.1926,30.1649,29.5665,29.4749,25.6212,25.5372,25.3846,25.2192,25.0334,24.8157,24.6545,24.4697,24.3798,24.3080,24.3195,24.5944,24.2007,24.0438,24.0470,23.8504,24.0742,23.6844,23.4565
2026-03-25T20:45:25Z,0,seasonal_naive_24h,128,48,30.7321,30.1926,30.1649,29.5665,29.3980,25.6212,25.5372,25.3846,25.2192,25.0334,24.8157,24.6545,24.4697,24.3798,24.3080,24.3195,24.5944,24.2007,24.0438,24.0470,23.8504,24.0742,23.6844,23.4565
2026-03-25T20:55:25Z,0,seasonal_naive_24h,128,48,30.7321,30.1926,30.1649,29.5665,29.3055,25.6212,25.5372,25.3846,25.2192,25.0334,24.8157,24.6545,24.4697,24.3798,24.3080,24.3195,24.5944,24.2007,24.0438,24.0470,23.8504,24.0742,23.6844,23.4565
2026-03-25T21:00:25Z,0,seasonal_naive_24h,128,48,30.1649,29.5665,29.2407,28.7392,25.6212,25.5372,25.3846,25.2192,25.0334,24.8157,24.6545,24.4697,24.3798,24.3080,24.3195,24.5944,24.2007,24.0438,24.0470,23.8504,24.0742,23.6844,23.4565,23.2356
2026-03-25T21:05:25Z,0,seasonal_naive_24h,128,48,30.1649,29.5665,29.2407,28.8449,25.6212,25.5372,25.3846,25.2192,25.0334,24.8157,24.6545,24.4697,24.3798,24.3080,24.3195,24.5944,24.2007,24.0438,24.0470,23.8504,24.0742,23.6844,23.4565,23.2356
2026-03-25T21:15:25Z,0,seasonal_naive_24h,128,48,30.1649,29.5665,29.2407,28.7253,25.6212,25.5372,25.3846,25.2192,25.0334,24.8157,24.6545,24.4697,24.3798,24.3080,24.3195,24.5944,24.2007,24.0438,24.0470,23.8504,24.0742,23.6844,23.4565,23.2356
2026-03-25T21:20:25Z,0,seasonal_naive_24h,128,48,30.1649,29.5665,29.2407,28.6273,25.6212,25.5372,25.3846,25.2192,25.0334,24.8157,24.6545,24.4697,24.3798,24.3080,24.3195,24.5944,24.2007,24.0438,24.0470,23.8504,24.0742,23.6844,23.4565,23.2356
2026-03-25T21:25:25Z,0,seasonal_naive_24h,128,48,30.1649,29.5665,29.2407,28.5423,25.6212,25.5372,25.3846,25.2192,25.0334,24.8157,24.6545,24.4697,24.3798,24.3080,24.3195,24.5944,24.2007,24.0438,24.0470,23.8504,24.0742,23.6844,23.4565,23.2356
2026-03-25T21:30:25Z,0,seasonal_naive_24h,128,48,29.2407,28.4902,28.2275,25.6212,25.5372,25.3846,25.2192,25.0334,24.8157,24.6545,24.4697,24.3798,24.3080,24.3195,24.5944,24.2007,24.0438,24.0470,23.8504,24.0742,23.6844,23.4565,23.2356,23.1246
2026-03-25T21:35:25Z,0,seasonal_naive_24h,128,48,29.2407,28.4902,28.2011,25.6212,25.5372,25.3846,25.2192,25.0334,24.8157,24.6545,24.4697,24.3798,24.3080,24.3195,24.5944,24.2007,24.0438,24.0470,23.8504,24.0742,23.6844,23.4565,23.2356,23.1246
2026-03-25T21:40:25Z,0,seasonal_naive_24h,128,48,29.2407,28.4902,28.1827,25.6212,25.5372,25.3846,25.2192,25.0334,24.8157,24.6545,24.4697,24.3798,24.3080,24.3195,24.5944,24.2007,24.0438,24.0470,23.8504,24.0742,23.6844,23.4565,23.2356,23.1246
2026-03-25T21:45:25Z,0,seasonal_naive_24h,128,48,29.2407,28.4902,28.1344,25.6212,25.5372,25.3846,25.2192,25.0334,24.8157,24.6545,24.4697,24.3798,24.3080,24.3195,24.5944,24.2007,24.0438,24.0470,23.8504,24.0742,23.6844,23.4565,23.2356,23.1246
2026-03-25T21:50:25Z,0,seasonal_naive_24h,128,48,29.2407,28.4902,28.0726,25.6212,25.5372,25.3846,25.2192,25.0334,24.8157,24.6545,24.4697,24.3798,24.3080,24.3195,24.5944,24.2007,24.0438,24.0470,23.8504,24.0742,23.6844,23.4565,23.2356,23.1246
2026-03-25T21:55:25Z,0,seasonal_naive_24h,128,48,29.2407,28.4902,28.0074,25.6212,25.5372,25.3846,25.2192,25.0334,24.8157,24.6545,24.4697,24.3798,24.3080,24.3195,24.5944,24.2007,24.0438,24.0470,23.8504,24.0742,23.6844,23.4565,23.2356,23.1246
2026-03-25T22:00:25Z,0,seasonal_naive_24h,128,48,27.9648,27.6875,25.6212,25.5372,25.3846,25.2192,25.0334,24.8157,24.6545,24.4697,24.3798,24.3080,24.3195,24.5944,24.2007,24.0438,24.0470,23.8504,24.0742,23.6844,23.4565,23.2356,23.1246,23.0298
2026-03-25T22:05:25Z,0,seasonal_naive_24h,128,48,27.9648,27.6745,25.6212,25.5372,25.3846,25.2192,25.0334,24.8157,24.6545,24.4697,24.3798,24.3080,24.3195,24.5944,24.2007,24.0438,24.0470,23.8504,24.0742,23.6844,23.4565,23.2356,23.1246,23.0298
2026-03-25T22:15:25Z,0,seasonal_naive_24h,128,48,27.9648,27.4146,25.6212,25.5372,25.3846,25.2192,25.0334,24.8157,24.6545,24.4697,24.3798,24.3080,24.3195,24.5944,24.2007,24.0438,24.0470,23.8504,24.0742,23.6844,23.4565,23.2356,23.1246,23.0298
2026-03-25T22:20:25Z,0,seasonal_naive_24h,128,48,27.9648,27.3004,25.6212,25.5372,25.3846,25.2192,25.0334,24.8157,24.6545,24.4697,24.3798,24.3080,24.3195,24.5944,24.2007,24.0438,24.0470,23.8504,24.0742,23.6844,23.4565,23.2356,23.1246,23.0298
2026-03-25T22:25:25Z,0,seasonal_naive_24h,128,48,27.9648,27.2092,25.6212,25.5372,25.3846,25.2192,25.0334,24.8157,24.6545,24.4697,24.3798,24.3080,24.3195,24.5944,24.2007,24.0438,24.0470,23.8504,24.0742,23.6844,23.4565,23.2356,23.1246,23.0298
2026-03-25T22:30:25Z,0,seasonal_naive_24h,128,48,26.7876,25.6212,25.5372,25.3846,25.2192,25.0334,24.8157,24.6545,24.4697,24.3798,24.3080,24.3195,24.5944,24.2007,24.0438,24.0470,23.8504,24.0742,23.6844,23.4565,23.2356,23.1246,23.0298,23.6288
2026-03-25T22:35:25Z,0,seasonal_naive_24h,128,48,26.7578,25.6212,25.5372,25.3846,25.2192,25.0334,24.8157,24.6545,24.4697,24.3798,24.3080,24.3195,24.5944,24.2007,24.0438,24.0470,23.8504,24.0742,23.6844,23.4565,23.2356,23.1246,23.0298,23.6288
2026-03-25T22:40:25Z,0,seasonal_naive_24h,128,48,26.7156,25.6212,25.5372,25.3846,25.2192,25.0334,24.8157,24.6545,24.4697,24.3798,24.3080,24.3195,24.5944,24.2007,24.0438,24.0470,23.8504,24.0742,23.6844,23.4565,23.2356,23.1246,23.0298,23.6288
2026-03-25T22:45:25Z,0,seasonal_naive_24h,128,48,26.6985,25.6212,25.5372,25.3846,25.2192,25.0334,24.8157,24.6545,24.4697,24.3798,24.3080,24.3195,24.5944,24.2007,24.0438,24.0470,23.8504,24.0742,23.6844,23.4565,23.2356,23.1246,23.0298,23.6288
2026-03-25T22:50:25Z,0,seasonal_naive_24h,128,48,26.6540,25.6212,25.5372,25.3846,25.2192,25.0334,24.8157,24.6545,24.4697,24.3798,24.3080,24.3195,24.5944,24.2007,24.0438,24.0470,23.8504,24.0742,23.6844,23.4565,23.2356,23.1246,23.0298,23.6288
2026-03-25T22:55:25Z,0,seasonal_naive_24h,128,48,26.6062,25.6212,25.5372,25.3846,25.2192,25.0334,24.8157,24.6545,24.4697,24.3798,24.3080,24.3195,24.5944,24.2007,24.0438,24.0470,23.8504,24.0742,23.6844,23.4565,23.2356,23.1246,23.0298,23.6288
2026-03-25T23:00:25Z,0,seasonal_naive_24h,128,48,25.6212,25.5372,25.3846,25.2192,25.0334,24.8157,24.6545,24.4697,24.3798,24.3080,24.3195,24.5944,24.2007,24.0438,24.0470,23.8504,24.0742,23.6844,23.4565,23.2356,23.1246,23.0298,23.6288,23.8837
2026-03-25T23:05:25Z,0,seasonal_naive_24h,128,48,25.6212,25.5372,25.3846,25.2192,25.0334,24.8157,24.6545,24.4697,24.3798,24.3080,24.3195,24.5944,24.2007,24.0438,24.0470,23.8504,24.0742,23.6844,23.4565,23.2356,23.1246,23.0298,23.6288,23.8837
2026-03-25T23:10:25Z,0,seasonal_naive_24h,128,48,25.6212,25.5372,25.3846,25.2192,25.0334,24.8157,24.6545,24.4697,24.3798,24.3080,24.3195,24.5944,24.2007,24.0438,24.0470,23.8504,24.0742,23.6844,23.4565,23.2356,23.1246,23.0298,23.6288,23.8837
2026-03-25T23:15:25Z,0,seasonal_naive_24h,128,48,25.6212,25.5372,25.3846,25.2192,25.0334,24.8157,24.6545,24.4697,24.3798,24.3080,24.3195,24.5944,24.2007,24.0438,24.0470,23.8504,24.0742,23.6844,23.4565,23.2356,23.1246,23.0298,23.6288,23.8837
2026-03-25T23:20:25Z,0,seasonal_naive_24h,128,48,25.6212,25.5372,25.3846,25.2192,25.0334,24.8157,24.6545,24.4697,24.3798,24.3080,24.3195,24.5944,24.2007,24.0438,24.0470,23.8504,24.0742,23.6844,23.4565,23.2356,23.1246,23.0298,23.6288,23.8837
2026-03-25T23:25:25Z,0,seasonal_naive_24h,128,48,25.6212,25.5372,25.3846,25.2192,25.0334,24.8157,24.6545,24.4697,24.3798,24.3080,24.3195,24.5944,24.2007,24.0438,24.0470,23.8504,24.0742,23.6844,23.4565,23.2356,23.1246,23.0298,23.6288,23.8837
2026-03-25T23:30:25Z,0,seasonal_naive_24h,128,48,25.5372,25.3846,25.2192,25.0334,24.8157,24.6545,24.4697,24.3798,24.3080,24.3195,24.5944,24.2007,24.0438,24.0470,23.8504,24.0742,23.6844,23.4565,23.2356,23.1246,23.0298,23.6288,23.8837,24.6197
2026-03-25T23:35:25Z,0,seasonal_naive_24h,128,48,25.5372,25.3846,25.2192,25.0334,24.8157,24.6545,24.4697,24.3798,24.3080,24.3195,24.5944,24.2007,24.0438,24.0470,23.8504,24.0742,23.6844,23.4565,23.2356,23.1246,23.0298,23.6288,23.8837,24.6197
2026-03-25T23:40:25Z,0,seasonal_naive_24h,128,48,25.5372,25.3846,25.2192,25.0334,24.8157,24.6545,24.4697,24.3798,24.3080,24.3195,24.5944,24.2007,24.0438,24.0470,23.8504,24.0742,23.6844,23.4565,23.2356,23.1246,23.0298,23.6288,23.8837,24.6197
2026-03-25T23:45:25Z,0,seasonal_naive_24h,128,48,25.5372,25.3846,25.2192,25.0334,24.8157,24.6545,24.4697,24.3798,24.3080,24.3195,24.5944,24.2007,24.0438,24.0470,23.8504,24.0742,23.6844,23.4565,23.2356,23.1246,23.0298,23.6288,23.8837,24.6197
2026-03-25T23:50:25Z,0,seasonal_naive_24h,128,48,25.5372,25.3846,25.2192,25.0334,24.8157,24.6545,24.4697,24.3798,24.3080,24.3195,24.5944,24.2007,24.0438,24.0470,23.8504,24.0742,23.6844,23.4565,23.2356,23.1246,23.0298,23.6288,23.8837,24.6197
