[2026-03-14 10:44:52.352] watcher started; pid=13912
[2026-03-14 11:42:56.685] Application Id=1022 Provider=.NET Runtime Level=Error Time=2026-03-14T11:42:56.2020686-04:00 Message=.NET Runtime version 4.0.30319.0 - There was a failure initializing profiling API attach infrastructure. This process will not allow a profiler to attach. HRESULT: 0x80004005. Process ID (decimal): 16424. Message ID: [0x2509].
[2026-03-14 11:53:01.300] Application Id=1022 Provider=.NET Runtime Level=Error Time=2026-03-14T11:52:59.7087930-04:00 Message=.NET Runtime version 4.0.30319.0 - There was a failure initializing profiling API attach infrastructure. This process will not allow a profiler to attach. HRESULT: 0x80004005. Process ID (decimal): 17240. Message ID: [0x2509].
[2026-03-14 14:00:13.199] Application Id=0 Provider=igccservice Level=Information Time=2026-03-14T14:00:11.1341851-04:00 Message=PowerEvent handled successfully by the service.
[2026-03-14 14:33:22.334] Application Id=0 Provider=igccservice Level=Information Time=2026-03-14T14:33:21.4502277-04:00 Message=PowerEvent handled successfully by the service.
[2026-03-14 14:33:22.334] Application Id=0 Provider=igccservice Level=Information Time=2026-03-14T14:33:20.2158795-04:00 Message=PowerEvent handled successfully by the service.
[2026-03-14 14:33:22.334] Application Id=0 Provider=igccservice Level=Information Time=2026-03-14T14:33:19.9111280-04:00 Message=PowerEvent handled successfully by the service.
[2026-03-14 14:33:22.334] Application Id=0 Provider=igccservice Level=Information Time=2026-03-14T14:33:18.3304216-04:00 Message=PowerEvent handled successfully by the service.
[2026-03-14 14:33:26.716] System Id=9007 Provider=nhi Level=Information Time=2026-03-14T14:33:25.0179270-04:00 Message=The driver entered RTD3. All the connected devices will be removed from driver's internal state, so it is expected that DeviceDisconnected events will happen.
[2026-03-14 16:33:44.870] Application Id=0 Provider=igccservice Level=Information Time=2026-03-14T16:33:44.1163186-04:00 Message=PowerEvent handled successfully by the service.
[2026-03-14 16:50:05.600] Application Id=0 Provider=igccservice Level=Information Time=2026-03-14T16:50:05.0021560-04:00 Message=PowerEvent handled successfully by the service.
[2026-03-14 16:50:05.600] Application Id=0 Provider=igccservice Level=Information Time=2026-03-14T16:50:03.9999104-04:00 Message=PowerEvent handled successfully by the service.
[2026-03-14 16:50:05.600] Application Id=0 Provider=igccservice Level=Information Time=2026-03-14T16:50:03.8712524-04:00 Message=PowerEvent handled successfully by the service.
[2026-03-14 16:50:05.614] Application Id=0 Provider=igccservice Level=Information Time=2026-03-14T16:50:02.2320432-04:00 Message=PowerEvent handled successfully by the service.
[2026-03-14 16:50:09.978] System Id=9007 Provider=nhi Level=Information Time=2026-03-14T16:50:09.0663484-04:00 Message=The driver entered RTD3. All the connected devices will be removed from driver's internal state, so it is expected that DeviceDisconnected events will happen.
[2026-03-14 16:55:40.248] Application Id=1022 Provider=.NET Runtime Level=Error Time=2026-03-14T16:55:38.1360818-04:00 Message=.NET Runtime version 4.0.30319.0 - There was a failure initializing profiling API attach infrastructure. This process will not allow a profiler to attach. HRESULT: 0x80004005. Process ID (decimal): 16460. Message ID: [0x2509].
[2026-03-14 17:00:28.786] Application Id=1022 Provider=.NET Runtime Level=Error Time=2026-03-14T17:00:27.6883573-04:00 Message=.NET Runtime version 4.0.30319.0 - There was a failure initializing profiling API attach infrastructure. This process will not allow a profiler to attach. HRESULT: 0x80004005. Process ID (decimal): 10716. Message ID: [0x2509].
[2026-03-14 17:02:50.490] Application Id=1022 Provider=.NET Runtime Level=Error Time=2026-03-14T17:02:48.7859696-04:00 Message=.NET Runtime version 4.0.30319.0 - There was a failure initializing profiling API attach infrastructure. This process will not allow a profiler to attach. HRESULT: 0x80004005. Process ID (decimal): 7000. Message ID: [0x2509].
[2026-03-14 19:02:51.882] Application Id=0 Provider=igccservice Level=Information Time=2026-03-14T19:02:50.9457889-04:00 Message=PowerEvent handled successfully by the service.
[2026-03-14 19:02:53.997] System Id=42 Provider=Microsoft-Windows-Kernel-Power Level=Information Time=2026-03-14T19:02:53.3214260-04:00 Message=The system is entering sleep. Sleep Reason: System Idle
[2026-03-14 19:02:53.997] System Id=9008 Provider=nhi Level=Information Time=2026-03-14T19:02:52.6609103-04:00 Message=Driver exit RTD3. All the connected devices will now cause DeviceConnected events.
[2026-03-14 20:00:43.029] Application Id=0 Provider=igccservice Level=Information Time=2026-03-14T20:00:41.2517467-04:00 Message=PowerEvent handled successfully by the service.
[2026-03-14 20:00:43.029] Application Id=0 Provider=igccservice Level=Information Time=2026-03-14T20:00:41.0299307-04:00 Message=PowerEvent handled successfully by the service.
[2026-03-14 20:00:43.029] Application Id=0 Provider=igccservice Level=Information Time=2026-03-14T20:00:39.3533576-04:00 Message=PowerEvent handled successfully by the service.
[2026-03-14 20:00:45.313] Application Id=0 Provider=igccservice Level=Information Time=2026-03-14T20:00:42.4456234-04:00 Message=PowerEvent handled successfully by the service.
[2026-03-14 20:00:47.445] System Id=9007 Provider=nhi Level=Information Time=2026-03-14T20:00:46.2027792-04:00 Message=The driver entered RTD3. All the connected devices will be removed from driver's internal state, so it is expected that DeviceDisconnected events will happen.
[2026-03-14 23:55:35.279] Application Id=0 Provider=igccservice Level=Information Time=2026-03-14T23:55:34.9298924-04:00 Message=PowerEvent handled successfully by the service.
[2026-03-15 07:33:40.080] Application Id=0 Provider=igccservice Level=Information Time=2026-03-15T07:33:38.3491109-04:00 Message=PowerEvent handled successfully by the service.
[2026-03-15 07:33:40.080] Application Id=0 Provider=igccservice Level=Information Time=2026-03-15T07:33:38.2691168-04:00 Message=PowerEvent handled successfully by the service.
[2026-03-15 07:33:40.100] Application Id=0 Provider=igccservice Level=Information Time=2026-03-15T07:33:36.2198514-04:00 Message=PowerEvent handled successfully by the service.
[2026-03-15 07:33:42.446] Application Id=0 Provider=igccservice Level=Information Time=2026-03-15T07:33:40.3636498-04:00 Message=PowerEvent handled successfully by the service.
[2026-03-15 07:33:44.600] System Id=9007 Provider=nhi Level=Information Time=2026-03-15T07:33:43.0143639-04:00 Message=The driver entered RTD3. All the connected devices will be removed from driver's internal state, so it is expected that DeviceDisconnected events will happen.
[2026-03-15 07:36:09.441] Application Id=1022 Provider=.NET Runtime Level=Error Time=2026-03-15T07:36:08.7376014-04:00 Message=.NET Runtime version 4.0.30319.0 - There was a failure initializing profiling API attach infrastructure. This process will not allow a profiler to attach. HRESULT: 0x80004005. Process ID (decimal): 17768. Message ID: [0x2509].
[2026-03-15 07:38:31.067] Application Id=1022 Provider=.NET Runtime Level=Error Time=2026-03-15T07:38:30.5464991-04:00 Message=.NET Runtime version 4.0.30319.0 - There was a failure initializing profiling API attach infrastructure. This process will not allow a profiler to attach. HRESULT: 0x80004005. Process ID (decimal): 15108. Message ID: [0x2509].
[2026-03-15 10:39:33.913] Application Id=0 Provider=igccservice Level=Information Time=2026-03-15T10:39:31.8801132-04:00 Message=PowerEvent handled successfully by the service.
[2026-03-15 20:04:48.864] Application Id=0 Provider=igccservice Level=Information Time=2026-03-15T20:04:47.6041943-04:00 Message=PowerEvent handled successfully by the service.
[2026-03-15 20:04:48.868] Application Id=0 Provider=igccservice Level=Information Time=2026-03-15T20:04:46.3935952-04:00 Message=PowerEvent handled successfully by the service.
[2026-03-15 20:04:48.870] Application Id=0 Provider=igccservice Level=Information Time=2026-03-15T20:04:46.0050338-04:00 Message=PowerEvent handled successfully by the service.
[2026-03-15 20:04:48.870] Application Id=0 Provider=igccservice Level=Information Time=2026-03-15T20:04:44.2250609-04:00 Message=PowerEvent handled successfully by the service.
[2026-03-15 20:04:53.252] System Id=9007 Provider=nhi Level=Information Time=2026-03-15T20:04:51.3456164-04:00 Message=The driver entered RTD3. All the connected devices will be removed from driver's internal state, so it is expected that DeviceDisconnected events will happen.
[2026-03-15 20:39:28.645] Application Id=1001 Provider=Windows Error Reporting Level=Information Time=2026-03-15T20:39:28.4431935-04:00 Message=Fault bucket , type 0 Event Name: StoreAgentScanForUpdatesFailure0 Response: Not available Cab Id: 0 Problem signature: P1: Update; P2: 8024402c P3: 19044 P4: 7058 P5: Windows.Desktop P6: P7: P8: P9: P10: Attached files: These files may be available here: \\?\C:\ProgramData\Microsoft\Windows\WER\ReportQueue\NonCritical_Update;_80d2ff42815349ae24875d0b71c535277282585_00000000_4be00f74-bdac-4ea3-b5ff-6545f3b25d4d Analysis symbol: Rechecking for solution: 0 Report Id: 4be00f74-bdac-4ea3-b5ff-6545f3b25d4d Report Status: 4 Hashed bucket: Cab Guid: 0
[2026-03-15 20:39:31.065] Application Id=1001 Provider=Windows Error Reporting Level=Information Time=2026-03-15T20:39:28.5153807-04:00 Message=Fault bucket , type 0 Event Name: StoreAgentScanForUpdatesFailure0 Response: Not available Cab Id: 0 Problem signature: P1: Update; P2: 8024402c P3: 19044 P4: 7058 P5: Windows.Desktop P6: P7: P8: P9: P10: Attached files: These files may be available here: \\?\C:\ProgramData\Microsoft\Windows\WER\ReportQueue\NonCritical_Update;_80d2ff42815349ae24875d0b71c535277282585_00000000_4be00f74-bdac-4ea3-b5ff-6545f3b25d4d Analysis symbol: Rechecking for solution: 0 Report Id: 4be00f74-bdac-4ea3-b5ff-6545f3b25d4d Report Status: 6 Hashed bucket: Cab Guid: 0
[2026-03-15 20:39:48.182] Application Id=1001 Provider=Windows Error Reporting Level=Information Time=2026-03-15T20:39:46.6637847-04:00 Message=Fault bucket 1551004168762184497, type 5 Event Name: StoreAgentScanForUpdatesFailure0 Response: Not available Cab Id: 0 Problem signature: P1: Update; P2: 8024402c P3: 19044 P4: 7058 P5: Windows.Desktop P6: P7: P8: P9: P10: Attached files: \\?\C:\ProgramData\Microsoft\Windows\WER\Temp\WERCE66.tmp.WERInternalMetadata.xml These files may be available here: \\?\C:\ProgramData\Microsoft\Windows\WER\ReportArchive\NonCritical_Update;_80d2ff42815349ae24875d0b71c535277282585_00000000_4be00f74-bdac-4ea3-b5ff-6545f3b25d4d Analysis symbol: Rechecking for solution: 0 Report Id: 4be00f74-bdac-4ea3-b5ff-6545f3b25d4d Report Status: 268435462 Hashed bucket: 5022bf8082ed8df255864612ec385331 Cab Guid: 0
[2026-03-15 22:05:11.526] Application Id=0 Provider=igccservice Level=Information Time=2026-03-15T22:05:09.9643604-04:00 Message=PowerEvent handled successfully by the service.
[2026-03-16 09:02:59.196] Application Id=0 Provider=igccservice Level=Information Time=2026-03-16T09:02:58.3853012-04:00 Message=PowerEvent handled successfully by the service.
[2026-03-16 09:03:03.032] Application Id=0 Provider=igccservice Level=Information Time=2026-03-16T09:03:00.2164054-04:00 Message=PowerEvent handled successfully by the service.
[2026-03-16 09:03:03.032] Application Id=0 Provider=igccservice Level=Information Time=2026-03-16T09:02:59.8161266-04:00 Message=PowerEvent handled successfully by the service.
[2026-03-16 09:03:05.407] Application Id=0 Provider=igccservice Level=Information Time=2026-03-16T09:03:05.1810079-04:00 Message=PowerEvent handled successfully by the service.
[2026-03-16 09:03:07.532] System Id=9007 Provider=nhi Level=Information Time=2026-03-16T09:03:05.8302190-04:00 Message=The driver entered RTD3. All the connected devices will be removed from driver's internal state, so it is expected that DeviceDisconnected events will happen.
[2026-03-16 11:03:20.508] Application Id=0 Provider=igccservice Level=Information Time=2026-03-16T11:03:19.7560826-04:00 Message=PowerEvent handled successfully by the service.
[2026-03-16 13:24:41.096] Application Id=0 Provider=igccservice Level=Information Time=2026-03-16T13:24:39.5097895-04:00 Message=PowerEvent handled successfully by the service.
[2026-03-16 13:24:41.096] Application Id=0 Provider=igccservice Level=Information Time=2026-03-16T13:24:38.8988355-04:00 Message=PowerEvent handled successfully by the service.
[2026-03-16 13:24:41.096] Application Id=0 Provider=igccservice Level=Information Time=2026-03-16T13:24:37.2282926-04:00 Message=PowerEvent handled successfully by the service.
[2026-03-16 13:24:45.495] System Id=9007 Provider=nhi Level=Information Time=2026-03-16T13:24:44.0958996-04:00 Message=The driver entered RTD3. All the connected devices will be removed from driver's internal state, so it is expected that DeviceDisconnected events will happen.
[2026-03-16 13:24:45.605] Application Id=0 Provider=igccservice Level=Information Time=2026-03-16T13:24:43.4468316-04:00 Message=PowerEvent handled successfully by the service.
[2026-03-16 14:08:06.980] System Id=9008 Provider=nhi Level=Information Time=2026-03-16T14:08:06.0989741-04:00 Message=Driver exit RTD3. All the connected devices will now cause DeviceConnected events.
[2026-03-16 14:08:14.339] System Id=9007 Provider=nhi Level=Information Time=2026-03-16T14:08:12.7636967-04:00 Message=The driver entered RTD3. All the connected devices will be removed from driver's internal state, so it is expected that DeviceDisconnected events will happen.
[2026-03-16 16:42:03.679] Application Id=0 Provider=igccservice Level=Information Time=2026-03-16T16:42:02.8300158-04:00 Message=PowerEvent handled successfully by the service.
[2026-03-16 16:42:05.813] System Id=42 Provider=Microsoft-Windows-Kernel-Power Level=Information Time=2026-03-16T16:42:05.2954601-04:00 Message=The system is entering sleep. Sleep Reason: System Idle
[2026-03-16 16:42:05.829] System Id=9008 Provider=nhi Level=Information Time=2026-03-16T16:42:04.5980681-04:00 Message=Driver exit RTD3. All the connected devices will now cause DeviceConnected events.
[2026-03-16 16:42:30.216] Application Id=0 Provider=igccservice Level=Information Time=2026-03-16T16:42:29.1160614-04:00 Message=PowerEvent handled successfully by the service.
[2026-03-16 16:42:30.216] Application Id=0 Provider=igccservice Level=Information Time=2026-03-16T16:42:28.9431676-04:00 Message=PowerEvent handled successfully by the service.
[2026-03-16 16:42:30.216] Application Id=0 Provider=igccservice Level=Information Time=2026-03-16T16:42:27.2748324-04:00 Message=PowerEvent handled successfully by the service.
[2026-03-16 16:42:34.811] Application Id=0 Provider=igccservice Level=Information Time=2026-03-16T16:42:33.6640228-04:00 Message=PowerEvent handled successfully by the service.
[2026-03-16 16:42:36.942] System Id=9007 Provider=nhi Level=Information Time=2026-03-16T16:42:34.1370590-04:00 Message=The driver entered RTD3. All the connected devices will be removed from driver's internal state, so it is expected that DeviceDisconnected events will happen.
[2026-03-16 18:42:54.399] Application Id=0 Provider=igccservice Level=Information Time=2026-03-16T18:42:52.6840766-04:00 Message=PowerEvent handled successfully by the service.
[2026-03-16 19:12:13.756] Application Id=0 Provider=igccservice Level=Information Time=2026-03-16T19:12:13.3401670-04:00 Message=PowerEvent handled successfully by the service.
[2026-03-16 19:12:17.380] Application Id=0 Provider=igccservice Level=Information Time=2026-03-16T19:12:15.0098766-04:00 Message=PowerEvent handled successfully by the service.
[2026-03-16 19:12:17.385] Application Id=0 Provider=igccservice Level=Information Time=2026-03-16T19:12:14.9022452-04:00 Message=PowerEvent handled successfully by the service.
[2026-03-16 19:12:19.635] Application Id=0 Provider=igccservice Level=Information Time=2026-03-16T19:12:18.8027815-04:00 Message=PowerEvent handled successfully by the service.
[2026-03-16 19:12:21.768] System Id=9007 Provider=nhi Level=Information Time=2026-03-16T19:12:20.0518099-04:00 Message=The driver entered RTD3. All the connected devices will be removed from driver's internal state, so it is expected that DeviceDisconnected events will happen.
